Тест без ошибок 
Тест без ошибок 
-----протокол----11.12.2024 22:22:19 ----
 ----параметры---- 
-log: In.txt.log
-out: In.txt.out
-in : In.txt
Исходные данные
Количество символов : 517
Количество строк    : 33
Проигнорировано     : 0

—--- Представление кода в виде лексем —--- 

02 tfi|1|(ti|1|,ti|1|)
03 {
04 dti|1|;
05 i|1|=i|1|v(i|1|vi|1|);
06 ri|1|;
07 };
08 tfi|1|(ti|1|,ti|1|)
09 {
10 dti|1|;
11 dtfi|1|(ti|1|,ti|1|,
12 ti|1|);
13 i|1|=i|1|vi|1|;
14 ri|1|;
15 };
16 m
17 {
18 dti|1|;
19 dti|1|;
20 dti|1|;
21 dti|1|;
22 dti|1|;
23 dti|1|;
24 dtfi|1|(ti|1|);
25 i|1|=l;
26 i|1|=l;
27 i|1|=l;
28 i|1|=l;
29 i|1|=i|1|(i|1|,i|1|);
30 i|1|=i|1|(i|1|,i|1|);
31 pi|1|;
32 pi|1|;
33 rl;
34 };
—--- Идентификаторы —--- 
Номер	id	Тип данных	Тип	Связь с лексемой			Значение?
01 fi str lit 3 i 1 2 "fi" 
02 x str lit 6 i 1 1 "x" 
03 y str lit 9 i 1 1 "y" 
04 z str lit 14 i 3 1 "z" 
05 z str lit 16 i 4 1 "z" 
06 x str lit 18 i 4 1 "x" 
07 x str lit 21 i 4 1 "x" 
08 y str lit 23 i 4 1 "y" 
09 z str lit 27 i 5 1 "z" 
10 fs str lit 33 i 7 2 "fs" 
11 a str lit 36 i 7 1 "a" 
12 b str lit 39 i 7 1 "b" 
13 c str lit 44 i 9 1 "c" 
14 substr str lit 49 i 10 6 "substr" 
15 a str lit 52 i 10 1 "a" 
16 p str lit 55 i 10 1 "p" 
17 n str lit 58 i 11 1 "n" 
18 c str lit 61 i 12 1 "c" 
19 a str lit 63 i 12 1 "a" 
20 b str lit 65 i 12 1 "b" 
21 c str lit 68 i 13 1 "c" 
22 x str lit 76 i 17 1 "x" 
23 y str lit 80 i 18 1 "y" 
24 z str lit 84 i 19 1 "z" 
25 sa str lit 88 i 20 2 "sa" 
26 sb str lit 92 i 21 2 "sb" 
27 sc str lit 96 i 22 2 "sc" 
28 strlen str lit 101 i 23 6 "strlen" 
29 p str lit 104 i 23 1 "p" 
30 x str lit 107 i 24 1 "x" 
31 1 int lit 109 l 24 19530792 
32 y str lit 111 i 25 1 "y" 
33 5 int lit 113 l 25 19537320 
34 sa str lit 115 i 26 2 "sa" 
35 '1234567890' str 117 l 26 
36 sb str lit 119 i 27 2 "sb" 
37 '1234567890' str 121 l 27 
38 z str lit 123 i 28 1 "z" 
39 fi str lit 125 i 28 2 "fi" 
40 x str lit 127 i 28 1 "x" 
41 y str lit 129 i 28 1 "y" 
42 sc str lit 132 i 29 2 "sc" 
43 fs str lit 134 i 29 2 "fs" 
44 sa str lit 136 i 29 2 "sa" 
45 sb str lit 138 i 29 2 "sb" 
46 z str lit 142 i 30 1 "z" 
47 sc str lit 145 i 31 2 "sc" 
48 0 int lit 148 l 32 19705360 

----------Правила-----------
0000: 
0000: S->tfi(F){NrE;};S000
4000: F->ti,F0000000000000
7000: F->ti000000000000000
1100: N->dti;N000000000000
1500: N->i=E;0000000000000
1700: E->iM000000000000000
1800: M->vE000000000000000
1900: E->(E)00000000000000
2000: E->iM000000000000000
2100: M->vE000000000000000
2200: E->i0000000000000000
2600: E->i0000000000000000
3000: S->tfi(F){NrE;};S000
3400: F->ti,F0000000000000
3700: F->ti000000000000000
4100: N->dti;N000000000000
4500: N->dtfi(F);N00000000
5000: F->ti,F0000000000000
5300: F->ti,F0000000000000
5600: F->ti000000000000000
6000: N->i=E;0000000000000
6200: E->iM000000000000000
6300: M->vE000000000000000
6400: E->i0000000000000000
6700: E->i0000000000000000
7100: S->m{NrE;};000000000
7300: N->dti;N000000000000
7700: N->dti;N000000000000
8100: N->dti;N000000000000
8500: N->dti;N000000000000
8900: N->dti;N000000000000
9300: N->dti;N000000000000
9700: N->dtfi(F);N00000000
1020: F->ti000000000000000
1060: N->i=E;N000000000000
1080: E->l0000000000000000
1100: N->i=E;N000000000000
1120: E->l0000000000000000
1140: N->i=E;N000000000000
1160: E->l0000000000000000
1180: N->i=E;N000000000000
1200: E->l0000000000000000
1220: N->i=E;N000000000000
1240: E->i(W)0000000000000
1260: W->i,W00000000000000
1280: W->i0000000000000000
1310: N->i=E;N000000000000
1330: E->i(W)0000000000000
1350: W->i,W00000000000000
1370: W->i0000000000000000
1400: N->pi;N0000000000000
1430: N->pi;00000000000000
1470: E->l0000000000000000
4000: 
0000: S->tfi(F){NrE;};S000
4000: F->ti,F0000000000000
7000: F->ti000000000000000
1100: N->dti;N000000000000
1500: N->i=E;0000000000000
1700: E->iM000000000000000
1800: M->vE000000000000000
1900: E->(E)00000000000000
2000: E->iM000000000000000
2100: M->vE000000000000000
2200: E->i0000000000000000
2600: E->i0000000000000000
3000: S->tfi(F){NrE;};S000
3400: F->ti,F0000000000000
3700: F->ti000000000000000
4100: N->dti;N000000000000
4500: N->dtfi(F);N00000000
5000: F->ti,F0000000000000
5300: F->ti,F0000000000000
5600: F->ti000000000000000
6000: N->i=E;0000000000000
6200: E->iM000000000000000
6300: M->vE000000000000000
6400: E->i0000000000000000
6700: E->i0000000000000000
7100: S->m{NrE;};000000000
7300: N->dti;N000000000000
7700: N->dti;N000000000000
8100: N->dti;N000000000000
8500: N->dti;N000000000000
8900: N->dti;N000000000000
9300: N->dti;N000000000000
9700: N->dtfi(F);N00000000
1020: F->ti000000000000000
1060: N->i=E;N000000000000
1080: E->l0000000000000000
1100: N->i=E;N000000000000
1120: E->l0000000000000000
1140: N->i=E;N000000000000
1160: E->l0000000000000000
1180: N->i=E;N000000000000
1200: E->l0000000000000000
1220: N->i=E;N000000000000
1240: E->i(W)0000000000000
1260: W->i,W00000000000000
1280: W->i0000000000000000
1310: N->i=E;N000000000000
1330: E->i(W)0000000000000
1350: W->i,W00000000000000
1370: W->i0000000000000000
1400: N->pi;N0000000000000
1430: N->pi;00000000000000
1470: E->l0000000000000000
7000: 
0000: S->tfi(F){NrE;};S000
4000: F->ti,F0000000000000
7000: F->ti000000000000000
1100: N->dti;N000000000000
1500: N->i=E;0000000000000
1700: E->iM000000000000000
1800: M->vE000000000000000
1900: E->(E)00000000000000
2000: E->iM000000000000000
2100: M->vE000000000000000
2200: E->i0000000000000000
2600: E->i0000000000000000
3000: S->tfi(F){NrE;};S000
3400: F->ti,F0000000000000
3700: F->ti000000000000000
4100: N->dti;N000000000000
4500: N->dtfi(F);N00000000
5000: F->ti,F0000000000000
5300: F->ti,F0000000000000
5600: F->ti000000000000000
6000: N->i=E;0000000000000
6200: E->iM000000000000000
6300: M->vE000000000000000
6400: E->i0000000000000000
6700: E->i0000000000000000
7100: S->m{NrE;};000000000
7300: N->dti;N000000000000
7700: N->dti;N000000000000
8100: N->dti;N000000000000
8500: N->dti;N000000000000
8900: N->dti;N000000000000
9300: N->dti;N000000000000
9700: N->dtfi(F);N00000000
1020: F->ti000000000000000
1060: N->i=E;N000000000000
1080: E->l0000000000000000
1100: N->i=E;N000000000000
1120: E->l0000000000000000
1140: N->i=E;N000000000000
1160: E->l0000000000000000
1180: N->i=E;N000000000000
1200: E->l0000000000000000
1220: N->i=E;N000000000000
1240: E->i(W)0000000000000
1260: W->i,W00000000000000
1280: W->i0000000000000000
1310: N->i=E;N000000000000
1330: E->i(W)0000000000000
1350: W->i,W00000000000000
1370: W->i0000000000000000
1400: N->pi;N0000000000000
1430: N->pi;00000000000000
1470: E->l0000000000000000
1100: 
0000: S->tfi(F){NrE;};S000
4000: F->ti,F0000000000000
7000: F->ti000000000000000
1100: N->dti;N000000000000
1500: N->i=E;0000000000000
1700: E->iM000000000000000
1800: M->vE000000000000000
1900: E->(E)00000000000000
2000: E->iM000000000000000
2100: M->vE000000000000000
2200: E->i0000000000000000
2600: E->i0000000000000000
3000: S->tfi(F){NrE;};S000
3400: F->ti,F0000000000000
3700: F->ti000000000000000
4100: N->dti;N000000000000
4500: N->dtfi(F);N00000000
5000: F->ti,F0000000000000
5300: F->ti,F0000000000000
5600: F->ti000000000000000
6000: N->i=E;0000000000000
6200: E->iM000000000000000
6300: M->vE000000000000000
6400: E->i0000000000000000
6700: E->i0000000000000000
7100: S->m{NrE;};000000000
7300: N->dti;N000000000000
7700: N->dti;N000000000000
8100: N->dti;N000000000000
8500: N->dti;N000000000000
8900: N->dti;N000000000000
9300: N->dti;N000000000000
9700: N->dtfi(F);N00000000
1020: F->ti000000000000000
1060: N->i=E;N000000000000
1080: E->l0000000000000000
1100: N->i=E;N000000000000
1120: E->l0000000000000000
1140: N->i=E;N000000000000
1160: E->l0000000000000000
1180: N->i=E;N000000000000
1200: E->l0000000000000000
1220: N->i=E;N000000000000
1240: E->i(W)0000000000000
1260: W->i,W00000000000000
1280: W->i0000000000000000
1310: N->i=E;N000000000000
1330: E->i(W)0000000000000
1350: W->i,W00000000000000
1370: W->i0000000000000000
1400: N->pi;N0000000000000
1430: N->pi;00000000000000
1470: E->l0000000000000000
1500: 
0000: S->tfi(F){NrE;};S000
4000: F->ti,F0000000000000
7000: F->ti000000000000000
1100: N->dti;N000000000000
1500: N->i=E;0000000000000
1700: E->iM000000000000000
1800: M->vE000000000000000
1900: E->(E)00000000000000
2000: E->iM000000000000000
2100: M->vE000000000000000
2200: E->i0000000000000000
2600: E->i0000000000000000
3000: S->tfi(F){NrE;};S000
3400: F->ti,F0000000000000
3700: F->ti000000000000000
4100: N->dti;N000000000000
4500: N->dtfi(F);N00000000
5000: F->ti,F0000000000000
5300: F->ti,F0000000000000
5600: F->ti000000000000000
6000: N->i=E;0000000000000
6200: E->iM000000000000000
6300: M->vE000000000000000
6400: E->i0000000000000000
6700: E->i0000000000000000
7100: S->m{NrE;};000000000
7300: N->dti;N000000000000
7700: N->dti;N000000000000
8100: N->dti;N000000000000
8500: N->dti;N000000000000
8900: N->dti;N000000000000
9300: N->dti;N000000000000
9700: N->dtfi(F);N00000000
1020: F->ti000000000000000
1060: N->i=E;N000000000000
1080: E->l0000000000000000
1100: N->i=E;N000000000000
1120: E->l0000000000000000
1140: N->i=E;N000000000000
1160: E->l0000000000000000
1180: N->i=E;N000000000000
1200: E->l0000000000000000
1220: N->i=E;N000000000000
1240: E->i(W)0000000000000
1260: W->i,W00000000000000
1280: W->i0000000000000000
1310: N->i=E;N000000000000
1330: E->i(W)0000000000000
1350: W->i,W00000000000000
1370: W->i0000000000000000
1400: N->pi;N0000000000000
1430: N->pi;00000000000000
1470: E->l0000000000000000
1700: 
0000: S->tfi(F){NrE;};S000
4000: F->ti,F0000000000000
7000: F->ti000000000000000
1100: N->dti;N000000000000
1500: N->i=E;0000000000000
1700: E->iM000000000000000
1800: M->vE000000000000000
1900: E->(E)00000000000000
2000: E->iM000000000000000
2100: M->vE000000000000000
2200: E->i0000000000000000
2600: E->i0000000000000000
3000: S->tfi(F){NrE;};S000
3400: F->ti,F0000000000000
3700: F->ti000000000000000
4100: N->dti;N000000000000
4500: N->dtfi(F);N00000000
5000: F->ti,F0000000000000
5300: F->ti,F0000000000000
5600: F->ti000000000000000
6000: N->i=E;0000000000000
6200: E->iM000000000000000
6300: M->vE000000000000000
6400: E->i0000000000000000
6700: E->i0000000000000000
7100: S->m{NrE;};000000000
7300: N->dti;N000000000000
7700: N->dti;N000000000000
8100: N->dti;N000000000000
8500: N->dti;N000000000000
8900: N->dti;N000000000000
9300: N->dti;N000000000000
9700: N->dtfi(F);N00000000
1020: F->ti000000000000000
1060: N->i=E;N000000000000
1080: E->l0000000000000000
1100: N->i=E;N000000000000
1120: E->l0000000000000000
1140: N->i=E;N000000000000
1160: E->l0000000000000000
1180: N->i=E;N000000000000
1200: E->l0000000000000000
1220: N->i=E;N000000000000
1240: E->i(W)0000000000000
1260: W->i,W00000000000000
1280: W->i0000000000000000
1310: N->i=E;N000000000000
1330: E->i(W)0000000000000
1350: W->i,W00000000000000
1370: W->i0000000000000000
1400: N->pi;N0000000000000
1430: N->pi;00000000000000
1470: E->l0000000000000000
1800: 
0000: S->tfi(F){NrE;};S000
4000: F->ti,F0000000000000
7000: F->ti000000000000000
1100: N->dti;N000000000000
1500: N->i=E;0000000000000
1700: E->iM000000000000000
1800: M->vE000000000000000
1900: E->(E)00000000000000
2000: E->iM000000000000000
2100: M->vE000000000000000
2200: E->i0000000000000000
2600: E->i0000000000000000
3000: S->tfi(F){NrE;};S000
3400: F->ti,F0000000000000
3700: F->ti000000000000000
4100: N->dti;N000000000000
4500: N->dtfi(F);N00000000
5000: F->ti,F0000000000000
5300: F->ti,F0000000000000
5600: F->ti000000000000000
6000: N->i=E;0000000000000
6200: E->iM000000000000000
6300: M->vE000000000000000
6400: E->i0000000000000000
6700: E->i0000000000000000
7100: S->m{NrE;};000000000
7300: N->dti;N000000000000
7700: N->dti;N000000000000
8100: N->dti;N000000000000
8500: N->dti;N000000000000
8900: N->dti;N000000000000
9300: N->dti;N000000000000
9700: N->dtfi(F);N00000000
1020: F->ti000000000000000
1060: N->i=E;N000000000000
1080: E->l0000000000000000
1100: N->i=E;N000000000000
1120: E->l0000000000000000
1140: N->i=E;N000000000000
1160: E->l0000000000000000
1180: N->i=E;N000000000000
1200: E->l0000000000000000
1220: N->i=E;N000000000000
1240: E->i(W)0000000000000
1260: W->i,W00000000000000
1280: W->i0000000000000000
1310: N->i=E;N000000000000
1330: E->i(W)0000000000000
1350: W->i,W00000000000000
1370: W->i0000000000000000
1400: N->pi;N0000000000000
1430: N->pi;00000000000000
1470: E->l0000000000000000
1900: 
0000: S->tfi(F){NrE;};S000
4000: F->ti,F0000000000000
7000: F->ti000000000000000
1100: N->dti;N000000000000
1500: N->i=E;0000000000000
1700: E->iM000000000000000
1800: M->vE000000000000000
1900: E->(E)00000000000000
2000: E->iM000000000000000
2100: M->vE000000000000000
2200: E->i0000000000000000
2600: E->i0000000000000000
3000: S->tfi(F){NrE;};S000
3400: F->ti,F0000000000000
3700: F->ti000000000000000
4100: N->dti;N000000000000
4500: N->dtfi(F);N00000000
5000: F->ti,F0000000000000
5300: F->ti,F0000000000000
5600: F->ti000000000000000
6000: N->i=E;0000000000000
6200: E->iM000000000000000
6300: M->vE000000000000000
6400: E->i0000000000000000
6700: E->i0000000000000000
7100: S->m{NrE;};000000000
7300: N->dti;N000000000000
7700: N->dti;N000000000000
8100: N->dti;N000000000000
8500: N->dti;N000000000000
8900: N->dti;N000000000000
9300: N->dti;N000000000000
9700: N->dtfi(F);N00000000
1020: F->ti000000000000000
1060: N->i=E;N000000000000
1080: E->l0000000000000000
1100: N->i=E;N000000000000
1120: E->l0000000000000000
1140: N->i=E;N000000000000
1160: E->l0000000000000000
1180: N->i=E;N000000000000
1200: E->l0000000000000000
1220: N->i=E;N000000000000
1240: E->i(W)0000000000000
1260: W->i,W00000000000000
1280: W->i0000000000000000
1310: N->i=E;N000000000000
1330: E->i(W)0000000000000
1350: W->i,W00000000000000
1370: W->i0000000000000000
1400: N->pi;N0000000000000
1430: N->pi;00000000000000
1470: E->l0000000000000000
2000: 
0000: S->tfi(F){NrE;};S000
4000: F->ti,F0000000000000
7000: F->ti000000000000000
1100: N->dti;N000000000000
1500: N->i=E;0000000000000
1700: E->iM000000000000000
1800: M->vE000000000000000
1900: E->(E)00000000000000
2000: E->iM000000000000000
2100: M->vE000000000000000
2200: E->i0000000000000000
2600: E->i0000000000000000
3000: S->tfi(F){NrE;};S000
3400: F->ti,F0000000000000
3700: F->ti000000000000000
4100: N->dti;N000000000000
4500: N->dtfi(F);N00000000
5000: F->ti,F0000000000000
5300: F->ti,F0000000000000
5600: F->ti000000000000000
6000: N->i=E;0000000000000
6200: E->iM000000000000000
6300: M->vE000000000000000
6400: E->i0000000000000000
6700: E->i0000000000000000
7100: S->m{NrE;};000000000
7300: N->dti;N000000000000
7700: N->dti;N000000000000
8100: N->dti;N000000000000
8500: N->dti;N000000000000
8900: N->dti;N000000000000
9300: N->dti;N000000000000
9700: N->dtfi(F);N00000000
1020: F->ti000000000000000
1060: N->i=E;N000000000000
1080: E->l0000000000000000
1100: N->i=E;N000000000000
1120: E->l0000000000000000
1140: N->i=E;N000000000000
1160: E->l0000000000000000
1180: N->i=E;N000000000000
1200: E->l0000000000000000
1220: N->i=E;N000000000000
1240: E->i(W)0000000000000
1260: W->i,W00000000000000
1280: W->i0000000000000000
1310: N->i=E;N000000000000
1330: E->i(W)0000000000000
1350: W->i,W00000000000000
1370: W->i0000000000000000
1400: N->pi;N0000000000000
1430: N->pi;00000000000000
1470: E->l0000000000000000
2100: 
0000: S->tfi(F){NrE;};S000
4000: F->ti,F0000000000000
7000: F->ti000000000000000
1100: N->dti;N000000000000
1500: N->i=E;0000000000000
1700: E->iM000000000000000
1800: M->vE000000000000000
1900: E->(E)00000000000000
2000: E->iM000000000000000
2100: M->vE000000000000000
2200: E->i0000000000000000
2600: E->i0000000000000000
3000: S->tfi(F){NrE;};S000
3400: F->ti,F0000000000000
3700: F->ti000000000000000
4100: N->dti;N000000000000
4500: N->dtfi(F);N00000000
5000: F->ti,F0000000000000
5300: F->ti,F0000000000000
5600: F->ti000000000000000
6000: N->i=E;0000000000000
6200: E->iM000000000000000
6300: M->vE000000000000000
6400: E->i0000000000000000
6700: E->i0000000000000000
7100: S->m{NrE;};000000000
7300: N->dti;N000000000000
7700: N->dti;N000000000000
8100: N->dti;N000000000000
8500: N->dti;N000000000000
8900: N->dti;N000000000000
9300: N->dti;N000000000000
9700: N->dtfi(F);N00000000
1020: F->ti000000000000000
1060: N->i=E;N000000000000
1080: E->l0000000000000000
1100: N->i=E;N000000000000
1120: E->l0000000000000000
1140: N->i=E;N000000000000
1160: E->l0000000000000000
1180: N->i=E;N000000000000
1200: E->l0000000000000000
1220: N->i=E;N000000000000
1240: E->i(W)0000000000000
1260: W->i,W00000000000000
1280: W->i0000000000000000
1310: N->i=E;N000000000000
1330: E->i(W)0000000000000
1350: W->i,W00000000000000
1370: W->i0000000000000000
1400: N->pi;N0000000000000
1430: N->pi;00000000000000
1470: E->l0000000000000000
2200: 
0000: S->tfi(F){NrE;};S000
4000: F->ti,F0000000000000
7000: F->ti000000000000000
1100: N->dti;N000000000000
1500: N->i=E;0000000000000
1700: E->iM000000000000000
1800: M->vE000000000000000
1900: E->(E)00000000000000
2000: E->iM000000000000000
2100: M->vE000000000000000
2200: E->i0000000000000000
2600: E->i0000000000000000
3000: S->tfi(F){NrE;};S000
3400: F->ti,F0000000000000
3700: F->ti000000000000000
4100: N->dti;N000000000000
4500: N->dtfi(F);N00000000
5000: F->ti,F0000000000000
5300: F->ti,F0000000000000
5600: F->ti000000000000000
6000: N->i=E;0000000000000
6200: E->iM000000000000000
6300: M->vE000000000000000
6400: E->i0000000000000000
6700: E->i0000000000000000
7100: S->m{NrE;};000000000
7300: N->dti;N000000000000
7700: N->dti;N000000000000
8100: N->dti;N000000000000
8500: N->dti;N000000000000
8900: N->dti;N000000000000
9300: N->dti;N000000000000
9700: N->dtfi(F);N00000000
1020: F->ti000000000000000
1060: N->i=E;N000000000000
1080: E->l0000000000000000
1100: N->i=E;N000000000000
1120: E->l0000000000000000
1140: N->i=E;N000000000000
1160: E->l0000000000000000
1180: N->i=E;N000000000000
1200: E->l0000000000000000
1220: N->i=E;N000000000000
1240: E->i(W)0000000000000
1260: W->i,W00000000000000
1280: W->i0000000000000000
1310: N->i=E;N000000000000
1330: E->i(W)0000000000000
1350: W->i,W00000000000000
1370: W->i0000000000000000
1400: N->pi;N0000000000000
1430: N->pi;00000000000000
1470: E->l0000000000000000
2600: 
0000: S->tfi(F){NrE;};S000
4000: F->ti,F0000000000000
7000: F->ti000000000000000
1100: N->dti;N000000000000
1500: N->i=E;0000000000000
1700: E->iM000000000000000
1800: M->vE000000000000000
1900: E->(E)00000000000000
2000: E->iM000000000000000
2100: M->vE000000000000000
2200: E->i0000000000000000
2600: E->i0000000000000000
3000: S->tfi(F){NrE;};S000
3400: F->ti,F0000000000000
3700: F->ti000000000000000
4100: N->dti;N000000000000
4500: N->dtfi(F);N00000000
5000: F->ti,F0000000000000
5300: F->ti,F0000000000000
5600: F->ti000000000000000
6000: N->i=E;0000000000000
6200: E->iM000000000000000
6300: M->vE000000000000000
6400: E->i0000000000000000
6700: E->i0000000000000000
7100: S->m{NrE;};000000000
7300: N->dti;N000000000000
7700: N->dti;N000000000000
8100: N->dti;N000000000000
8500: N->dti;N000000000000
8900: N->dti;N000000000000
9300: N->dti;N000000000000
9700: N->dtfi(F);N00000000
1020: F->ti000000000000000
1060: N->i=E;N000000000000
1080: E->l0000000000000000
1100: N->i=E;N000000000000
1120: E->l0000000000000000
1140: N->i=E;N000000000000
1160: E->l0000000000000000
1180: N->i=E;N000000000000
1200: E->l0000000000000000
1220: N->i=E;N000000000000
1240: E->i(W)0000000000000
1260: W->i,W00000000000000
1280: W->i0000000000000000
1310: N->i=E;N000000000000
1330: E->i(W)0000000000000
1350: W->i,W00000000000000
1370: W->i0000000000000000
1400: N->pi;N0000000000000
1430: N->pi;00000000000000
1470: E->l0000000000000000
3000: 
0000: S->tfi(F){NrE;};S000
4000: F->ti,F0000000000000
7000: F->ti000000000000000
1100: N->dti;N000000000000
1500: N->i=E;0000000000000
1700: E->iM000000000000000
1800: M->vE000000000000000
1900: E->(E)00000000000000
2000: E->iM000000000000000
2100: M->vE000000000000000
2200: E->i0000000000000000
2600: E->i0000000000000000
3000: S->tfi(F){NrE;};S000
3400: F->ti,F0000000000000
3700: F->ti000000000000000
4100: N->dti;N000000000000
4500: N->dtfi(F);N00000000
5000: F->ti,F0000000000000
5300: F->ti,F0000000000000
5600: F->ti000000000000000
6000: N->i=E;0000000000000
6200: E->iM000000000000000
6300: M->vE000000000000000
6400: E->i0000000000000000
6700: E->i0000000000000000
7100: S->m{NrE;};000000000
7300: N->dti;N000000000000
7700: N->dti;N000000000000
8100: N->dti;N000000000000
8500: N->dti;N000000000000
8900: N->dti;N000000000000
9300: N->dti;N000000000000
9700: N->dtfi(F);N00000000
1020: F->ti000000000000000
1060: N->i=E;N000000000000
1080: E->l0000000000000000
1100: N->i=E;N000000000000
1120: E->l0000000000000000
1140: N->i=E;N000000000000
1160: E->l0000000000000000
1180: N->i=E;N000000000000
1200: E->l0000000000000000
1220: N->i=E;N000000000000
1240: E->i(W)0000000000000
1260: W->i,W00000000000000
1280: W->i0000000000000000
1310: N->i=E;N000000000000
1330: E->i(W)0000000000000
1350: W->i,W00000000000000
1370: W->i0000000000000000
1400: N->pi;N0000000000000
1430: N->pi;00000000000000
1470: E->l0000000000000000
3400: 
0000: S->tfi(F){NrE;};S000
4000: F->ti,F0000000000000
7000: F->ti000000000000000
1100: N->dti;N000000000000
1500: N->i=E;0000000000000
1700: E->iM000000000000000
1800: M->vE000000000000000
1900: E->(E)00000000000000
2000: E->iM000000000000000
2100: M->vE000000000000000
2200: E->i0000000000000000
2600: E->i0000000000000000
3000: S->tfi(F){NrE;};S000
3400: F->ti,F0000000000000
3700: F->ti000000000000000
4100: N->dti;N000000000000
4500: N->dtfi(F);N00000000
5000: F->ti,F0000000000000
5300: F->ti,F0000000000000
5600: F->ti000000000000000
6000: N->i=E;0000000000000
6200: E->iM000000000000000
6300: M->vE000000000000000
6400: E->i0000000000000000
6700: E->i0000000000000000
7100: S->m{NrE;};000000000
7300: N->dti;N000000000000
7700: N->dti;N000000000000
8100: N->dti;N000000000000
8500: N->dti;N000000000000
8900: N->dti;N000000000000
9300: N->dti;N000000000000
9700: N->dtfi(F);N00000000
1020: F->ti000000000000000
1060: N->i=E;N000000000000
1080: E->l0000000000000000
1100: N->i=E;N000000000000
1120: E->l0000000000000000
1140: N->i=E;N000000000000
1160: E->l0000000000000000
1180: N->i=E;N000000000000
1200: E->l0000000000000000
1220: N->i=E;N000000000000
1240: E->i(W)0000000000000
1260: W->i,W00000000000000
1280: W->i0000000000000000
1310: N->i=E;N000000000000
1330: E->i(W)0000000000000
1350: W->i,W00000000000000
1370: W->i0000000000000000
1400: N->pi;N0000000000000
1430: N->pi;00000000000000
1470: E->l0000000000000000
3700: 
0000: S->tfi(F){NrE;};S000
4000: F->ti,F0000000000000
7000: F->ti000000000000000
1100: N->dti;N000000000000
1500: N->i=E;0000000000000
1700: E->iM000000000000000
1800: M->vE000000000000000
1900: E->(E)00000000000000
2000: E->iM000000000000000
2100: M->vE000000000000000
2200: E->i0000000000000000
2600: E->i0000000000000000
3000: S->tfi(F){NrE;};S000
3400: F->ti,F0000000000000
3700: F->ti000000000000000
4100: N->dti;N000000000000
4500: N->dtfi(F);N00000000
5000: F->ti,F0000000000000
5300: F->ti,F0000000000000
5600: F->ti000000000000000
6000: N->i=E;0000000000000
6200: E->iM000000000000000
6300: M->vE000000000000000
6400: E->i0000000000000000
6700: E->i0000000000000000
7100: S->m{NrE;};000000000
7300: N->dti;N000000000000
7700: N->dti;N000000000000
8100: N->dti;N000000000000
8500: N->dti;N000000000000
8900: N->dti;N000000000000
9300: N->dti;N000000000000
9700: N->dtfi(F);N00000000
1020: F->ti000000000000000
1060: N->i=E;N000000000000
1080: E->l0000000000000000
1100: N->i=E;N000000000000
1120: E->l0000000000000000
1140: N->i=E;N000000000000
1160: E->l0000000000000000
1180: N->i=E;N000000000000
1200: E->l0000000000000000
1220: N->i=E;N000000000000
1240: E->i(W)0000000000000
1260: W->i,W00000000000000
1280: W->i0000000000000000
1310: N->i=E;N000000000000
1330: E->i(W)0000000000000
1350: W->i,W00000000000000
1370: W->i0000000000000000
1400: N->pi;N0000000000000
1430: N->pi;00000000000000
1470: E->l0000000000000000
4100: 
0000: S->tfi(F){NrE;};S000
4000: F->ti,F0000000000000
7000: F->ti000000000000000
1100: N->dti;N000000000000
1500: N->i=E;0000000000000
1700: E->iM000000000000000
1800: M->vE000000000000000
1900: E->(E)00000000000000
2000: E->iM000000000000000
2100: M->vE000000000000000
2200: E->i0000000000000000
2600: E->i0000000000000000
3000: S->tfi(F){NrE;};S000
3400: F->ti,F0000000000000
3700: F->ti000000000000000
4100: N->dti;N000000000000
4500: N->dtfi(F);N00000000
5000: F->ti,F0000000000000
5300: F->ti,F0000000000000
5600: F->ti000000000000000
6000: N->i=E;0000000000000
6200: E->iM000000000000000
6300: M->vE000000000000000
6400: E->i0000000000000000
6700: E->i0000000000000000
7100: S->m{NrE;};000000000
7300: N->dti;N000000000000
7700: N->dti;N000000000000
8100: N->dti;N000000000000
8500: N->dti;N000000000000
8900: N->dti;N000000000000
9300: N->dti;N000000000000
9700: N->dtfi(F);N00000000
1020: F->ti000000000000000
1060: N->i=E;N000000000000
1080: E->l0000000000000000
1100: N->i=E;N000000000000
1120: E->l0000000000000000
1140: N->i=E;N000000000000
1160: E->l0000000000000000
1180: N->i=E;N000000000000
1200: E->l0000000000000000
1220: N->i=E;N000000000000
1240: E->i(W)0000000000000
1260: W->i,W00000000000000
1280: W->i0000000000000000
1310: N->i=E;N000000000000
1330: E->i(W)0000000000000
1350: W->i,W00000000000000
1370: W->i0000000000000000
1400: N->pi;N0000000000000
1430: N->pi;00000000000000
1470: E->l0000000000000000
4500: 
0000: S->tfi(F){NrE;};S000
4000: F->ti,F0000000000000
7000: F->ti000000000000000
1100: N->dti;N000000000000
1500: N->i=E;0000000000000
1700: E->iM000000000000000
1800: M->vE000000000000000
1900: E->(E)00000000000000
2000: E->iM000000000000000
2100: M->vE000000000000000
2200: E->i0000000000000000
2600: E->i0000000000000000
3000: S->tfi(F){NrE;};S000
3400: F->ti,F0000000000000
3700: F->ti000000000000000
4100: N->dti;N000000000000
4500: N->dtfi(F);N00000000
5000: F->ti,F0000000000000
5300: F->ti,F0000000000000
5600: F->ti000000000000000
6000: N->i=E;0000000000000
6200: E->iM000000000000000
6300: M->vE000000000000000
6400: E->i0000000000000000
6700: E->i0000000000000000
7100: S->m{NrE;};000000000
7300: N->dti;N000000000000
7700: N->dti;N000000000000
8100: N->dti;N000000000000
8500: N->dti;N000000000000
8900: N->dti;N000000000000
9300: N->dti;N000000000000
9700: N->dtfi(F);N00000000
1020: F->ti000000000000000
1060: N->i=E;N000000000000
1080: E->l0000000000000000
1100: N->i=E;N000000000000
1120: E->l0000000000000000
1140: N->i=E;N000000000000
1160: E->l0000000000000000
1180: N->i=E;N000000000000
1200: E->l0000000000000000
1220: N->i=E;N000000000000
1240: E->i(W)0000000000000
1260: W->i,W00000000000000
1280: W->i0000000000000000
1310: N->i=E;N000000000000
1330: E->i(W)0000000000000
1350: W->i,W00000000000000
1370: W->i0000000000000000
1400: N->pi;N0000000000000
1430: N->pi;00000000000000
1470: E->l0000000000000000
5000: 
0000: S->tfi(F){NrE;};S000
4000: F->ti,F0000000000000
7000: F->ti000000000000000
1100: N->dti;N000000000000
1500: N->i=E;0000000000000
1700: E->iM000000000000000
1800: M->vE000000000000000
1900: E->(E)00000000000000
2000: E->iM000000000000000
2100: M->vE000000000000000
2200: E->i0000000000000000
2600: E->i0000000000000000
3000: S->tfi(F){NrE;};S000
3400: F->ti,F0000000000000
3700: F->ti000000000000000
4100: N->dti;N000000000000
4500: N->dtfi(F);N00000000
5000: F->ti,F0000000000000
5300: F->ti,F0000000000000
5600: F->ti000000000000000
6000: N->i=E;0000000000000
6200: E->iM000000000000000
6300: M->vE000000000000000
6400: E->i0000000000000000
6700: E->i0000000000000000
7100: S->m{NrE;};000000000
7300: N->dti;N000000000000
7700: N->dti;N000000000000
8100: N->dti;N000000000000
8500: N->dti;N000000000000
8900: N->dti;N000000000000
9300: N->dti;N000000000000
9700: N->dtfi(F);N00000000
1020: F->ti000000000000000
1060: N->i=E;N000000000000
1080: E->l0000000000000000
1100: N->i=E;N000000000000
1120: E->l0000000000000000
1140: N->i=E;N000000000000
1160: E->l0000000000000000
1180: N->i=E;N000000000000
1200: E->l0000000000000000
1220: N->i=E;N000000000000
1240: E->i(W)0000000000000
1260: W->i,W00000000000000
1280: W->i0000000000000000
1310: N->i=E;N000000000000
1330: E->i(W)0000000000000
1350: W->i,W00000000000000
1370: W->i0000000000000000
1400: N->pi;N0000000000000
1430: N->pi;00000000000000
1470: E->l0000000000000000
5300: 
0000: S->tfi(F){NrE;};S000
4000: F->ti,F0000000000000
7000: F->ti000000000000000
1100: N->dti;N000000000000
1500: N->i=E;0000000000000
1700: E->iM000000000000000
1800: M->vE000000000000000
1900: E->(E)00000000000000
2000: E->iM000000000000000
2100: M->vE000000000000000
2200: E->i0000000000000000
2600: E->i0000000000000000
3000: S->tfi(F){NrE;};S000
3400: F->ti,F0000000000000
3700: F->ti000000000000000
4100: N->dti;N000000000000
4500: N->dtfi(F);N00000000
5000: F->ti,F0000000000000
5300: F->ti,F0000000000000
5600: F->ti000000000000000
6000: N->i=E;0000000000000
6200: E->iM000000000000000
6300: M->vE000000000000000
6400: E->i0000000000000000
6700: E->i0000000000000000
7100: S->m{NrE;};000000000
7300: N->dti;N000000000000
7700: N->dti;N000000000000
8100: N->dti;N000000000000
8500: N->dti;N000000000000
8900: N->dti;N000000000000
9300: N->dti;N000000000000
9700: N->dtfi(F);N00000000
1020: F->ti000000000000000
1060: N->i=E;N000000000000
1080: E->l0000000000000000
1100: N->i=E;N000000000000
1120: E->l0000000000000000
1140: N->i=E;N000000000000
1160: E->l0000000000000000
1180: N->i=E;N000000000000
1200: E->l0000000000000000
1220: N->i=E;N000000000000
1240: E->i(W)0000000000000
1260: W->i,W00000000000000
1280: W->i0000000000000000
1310: N->i=E;N000000000000
1330: E->i(W)0000000000000
1350: W->i,W00000000000000
1370: W->i0000000000000000
1400: N->pi;N0000000000000
1430: N->pi;00000000000000
1470: E->l0000000000000000
5600: 
0000: S->tfi(F){NrE;};S000
4000: F->ti,F0000000000000
7000: F->ti000000000000000
1100: N->dti;N000000000000
1500: N->i=E;0000000000000
1700: E->iM000000000000000
1800: M->vE000000000000000
1900: E->(E)00000000000000
2000: E->iM000000000000000
2100: M->vE000000000000000
2200: E->i0000000000000000
2600: E->i0000000000000000
3000: S->tfi(F){NrE;};S000
3400: F->ti,F0000000000000
3700: F->ti000000000000000
4100: N->dti;N000000000000
4500: N->dtfi(F);N00000000
5000: F->ti,F0000000000000
5300: F->ti,F0000000000000
5600: F->ti000000000000000
6000: N->i=E;0000000000000
6200: E->iM000000000000000
6300: M->vE000000000000000
6400: E->i0000000000000000
6700: E->i0000000000000000
7100: S->m{NrE;};000000000
7300: N->dti;N000000000000
7700: N->dti;N000000000000
8100: N->dti;N000000000000
8500: N->dti;N000000000000
8900: N->dti;N000000000000
9300: N->dti;N000000000000
9700: N->dtfi(F);N00000000
1020: F->ti000000000000000
1060: N->i=E;N000000000000
1080: E->l0000000000000000
1100: N->i=E;N000000000000
1120: E->l0000000000000000
1140: N->i=E;N000000000000
1160: E->l0000000000000000
1180: N->i=E;N000000000000
1200: E->l0000000000000000
1220: N->i=E;N000000000000
1240: E->i(W)0000000000000
1260: W->i,W00000000000000
1280: W->i0000000000000000
1310: N->i=E;N000000000000
1330: E->i(W)0000000000000
1350: W->i,W00000000000000
1370: W->i0000000000000000
1400: N->pi;N0000000000000
1430: N->pi;00000000000000
1470: E->l0000000000000000
6000: 
0000: S->tfi(F){NrE;};S000
4000: F->ti,F0000000000000
7000: F->ti000000000000000
1100: N->dti;N000000000000
1500: N->i=E;0000000000000
1700: E->iM000000000000000
1800: M->vE000000000000000
1900: E->(E)00000000000000
2000: E->iM000000000000000
2100: M->vE000000000000000
2200: E->i0000000000000000
2600: E->i0000000000000000
3000: S->tfi(F){NrE;};S000
3400: F->ti,F0000000000000
3700: F->ti000000000000000
4100: N->dti;N000000000000
4500: N->dtfi(F);N00000000
5000: F->ti,F0000000000000
5300: F->ti,F0000000000000
5600: F->ti000000000000000
6000: N->i=E;0000000000000
6200: E->iM000000000000000
6300: M->vE000000000000000
6400: E->i0000000000000000
6700: E->i0000000000000000
7100: S->m{NrE;};000000000
7300: N->dti;N000000000000
7700: N->dti;N000000000000
8100: N->dti;N000000000000
8500: N->dti;N000000000000
8900: N->dti;N000000000000
9300: N->dti;N000000000000
9700: N->dtfi(F);N00000000
1020: F->ti000000000000000
1060: N->i=E;N000000000000
1080: E->l0000000000000000
1100: N->i=E;N000000000000
1120: E->l0000000000000000
1140: N->i=E;N000000000000
1160: E->l0000000000000000
1180: N->i=E;N000000000000
1200: E->l0000000000000000
1220: N->i=E;N000000000000
1240: E->i(W)0000000000000
1260: W->i,W00000000000000
1280: W->i0000000000000000
1310: N->i=E;N000000000000
1330: E->i(W)0000000000000
1350: W->i,W00000000000000
1370: W->i0000000000000000
1400: N->pi;N0000000000000
1430: N->pi;00000000000000
1470: E->l0000000000000000
6200: 
0000: S->tfi(F){NrE;};S000
4000: F->ti,F0000000000000
7000: F->ti000000000000000
1100: N->dti;N000000000000
1500: N->i=E;0000000000000
1700: E->iM000000000000000
1800: M->vE000000000000000
1900: E->(E)00000000000000
2000: E->iM000000000000000
2100: M->vE000000000000000
2200: E->i0000000000000000
2600: E->i0000000000000000
3000: S->tfi(F){NrE;};S000
3400: F->ti,F0000000000000
3700: F->ti000000000000000
4100: N->dti;N000000000000
4500: N->dtfi(F);N00000000
5000: F->ti,F0000000000000
5300: F->ti,F0000000000000
5600: F->ti000000000000000
6000: N->i=E;0000000000000
6200: E->iM000000000000000
6300: M->vE000000000000000
6400: E->i0000000000000000
6700: E->i0000000000000000
7100: S->m{NrE;};000000000
7300: N->dti;N000000000000
7700: N->dti;N000000000000
8100: N->dti;N000000000000
8500: N->dti;N000000000000
8900: N->dti;N000000000000
9300: N->dti;N000000000000
9700: N->dtfi(F);N00000000
1020: F->ti000000000000000
1060: N->i=E;N000000000000
1080: E->l0000000000000000
1100: N->i=E;N000000000000
1120: E->l0000000000000000
1140: N->i=E;N000000000000
1160: E->l0000000000000000
1180: N->i=E;N000000000000
1200: E->l0000000000000000
1220: N->i=E;N000000000000
1240: E->i(W)0000000000000
1260: W->i,W00000000000000
1280: W->i0000000000000000
1310: N->i=E;N000000000000
1330: E->i(W)0000000000000
1350: W->i,W00000000000000
1370: W->i0000000000000000
1400: N->pi;N0000000000000
1430: N->pi;00000000000000
1470: E->l0000000000000000
6300: 
0000: S->tfi(F){NrE;};S000
4000: F->ti,F0000000000000
7000: F->ti000000000000000
1100: N->dti;N000000000000
1500: N->i=E;0000000000000
1700: E->iM000000000000000
1800: M->vE000000000000000
1900: E->(E)00000000000000
2000: E->iM000000000000000
2100: M->vE000000000000000
2200: E->i0000000000000000
2600: E->i0000000000000000
3000: S->tfi(F){NrE;};S000
3400: F->ti,F0000000000000
3700: F->ti000000000000000
4100: N->dti;N000000000000
4500: N->dtfi(F);N00000000
5000: F->ti,F0000000000000
5300: F->ti,F0000000000000
5600: F->ti000000000000000
6000: N->i=E;0000000000000
6200: E->iM000000000000000
6300: M->vE000000000000000
6400: E->i0000000000000000
6700: E->i0000000000000000
7100: S->m{NrE;};000000000
7300: N->dti;N000000000000
7700: N->dti;N000000000000
8100: N->dti;N000000000000
8500: N->dti;N000000000000
8900: N->dti;N000000000000
9300: N->dti;N000000000000
9700: N->dtfi(F);N00000000
1020: F->ti000000000000000
1060: N->i=E;N000000000000
1080: E->l0000000000000000
1100: N->i=E;N000000000000
1120: E->l0000000000000000
1140: N->i=E;N000000000000
1160: E->l0000000000000000
1180: N->i=E;N000000000000
1200: E->l0000000000000000
1220: N->i=E;N000000000000
1240: E->i(W)0000000000000
1260: W->i,W00000000000000
1280: W->i0000000000000000
1310: N->i=E;N000000000000
1330: E->i(W)0000000000000
1350: W->i,W00000000000000
1370: W->i0000000000000000
1400: N->pi;N0000000000000
1430: N->pi;00000000000000
1470: E->l0000000000000000
6400: 
0000: S->tfi(F){NrE;};S000
4000: F->ti,F0000000000000
7000: F->ti000000000000000
1100: N->dti;N000000000000
1500: N->i=E;0000000000000
1700: E->iM000000000000000
1800: M->vE000000000000000
1900: E->(E)00000000000000
2000: E->iM000000000000000
2100: M->vE000000000000000
2200: E->i0000000000000000
2600: E->i0000000000000000
3000: S->tfi(F){NrE;};S000
3400: F->ti,F0000000000000
3700: F->ti000000000000000
4100: N->dti;N000000000000
4500: N->dtfi(F);N00000000
5000: F->ti,F0000000000000
5300: F->ti,F0000000000000
5600: F->ti000000000000000
6000: N->i=E;0000000000000
6200: E->iM000000000000000
6300: M->vE000000000000000
6400: E->i0000000000000000
6700: E->i0000000000000000
7100: S->m{NrE;};000000000
7300: N->dti;N000000000000
7700: N->dti;N000000000000
8100: N->dti;N000000000000
8500: N->dti;N000000000000
8900: N->dti;N000000000000
9300: N->dti;N000000000000
9700: N->dtfi(F);N00000000
1020: F->ti000000000000000
1060: N->i=E;N000000000000
1080: E->l0000000000000000
1100: N->i=E;N000000000000
1120: E->l0000000000000000
1140: N->i=E;N000000000000
1160: E->l0000000000000000
1180: N->i=E;N000000000000
1200: E->l0000000000000000
1220: N->i=E;N000000000000
1240: E->i(W)0000000000000
1260: W->i,W00000000000000
1280: W->i0000000000000000
1310: N->i=E;N000000000000
1330: E->i(W)0000000000000
1350: W->i,W00000000000000
1370: W->i0000000000000000
1400: N->pi;N0000000000000
1430: N->pi;00000000000000
1470: E->l0000000000000000
6700: 
0000: S->tfi(F){NrE;};S000
4000: F->ti,F0000000000000
7000: F->ti000000000000000
1100: N->dti;N000000000000
1500: N->i=E;0000000000000
1700: E->iM000000000000000
1800: M->vE000000000000000
1900: E->(E)00000000000000
2000: E->iM000000000000000
2100: M->vE000000000000000
2200: E->i0000000000000000
2600: E->i0000000000000000
3000: S->tfi(F){NrE;};S000
3400: F->ti,F0000000000000
3700: F->ti000000000000000
4100: N->dti;N000000000000
4500: N->dtfi(F);N00000000
5000: F->ti,F0000000000000
5300: F->ti,F0000000000000
5600: F->ti000000000000000
6000: N->i=E;0000000000000
6200: E->iM000000000000000
6300: M->vE000000000000000
6400: E->i0000000000000000
6700: E->i0000000000000000
7100: S->m{NrE;};000000000
7300: N->dti;N000000000000
7700: N->dti;N000000000000
8100: N->dti;N000000000000
8500: N->dti;N000000000000
8900: N->dti;N000000000000
9300: N->dti;N000000000000
9700: N->dtfi(F);N00000000
1020: F->ti000000000000000
1060: N->i=E;N000000000000
1080: E->l0000000000000000
1100: N->i=E;N000000000000
1120: E->l0000000000000000
1140: N->i=E;N000000000000
1160: E->l0000000000000000
1180: N->i=E;N000000000000
1200: E->l0000000000000000
1220: N->i=E;N000000000000
1240: E->i(W)0000000000000
1260: W->i,W00000000000000
1280: W->i0000000000000000
1310: N->i=E;N000000000000
1330: E->i(W)0000000000000
1350: W->i,W00000000000000
1370: W->i0000000000000000
1400: N->pi;N0000000000000
1430: N->pi;00000000000000
1470: E->l0000000000000000
7100: 
0000: S->tfi(F){NrE;};S000
4000: F->ti,F0000000000000
7000: F->ti000000000000000
1100: N->dti;N000000000000
1500: N->i=E;0000000000000
1700: E->iM000000000000000
1800: M->vE000000000000000
1900: E->(E)00000000000000
2000: E->iM000000000000000
2100: M->vE000000000000000
2200: E->i0000000000000000
2600: E->i0000000000000000
3000: S->tfi(F){NrE;};S000
3400: F->ti,F0000000000000
3700: F->ti000000000000000
4100: N->dti;N000000000000
4500: N->dtfi(F);N00000000
5000: F->ti,F0000000000000
5300: F->ti,F0000000000000
5600: F->ti000000000000000
6000: N->i=E;0000000000000
6200: E->iM000000000000000
6300: M->vE000000000000000
6400: E->i0000000000000000
6700: E->i0000000000000000
7100: S->m{NrE;};000000000
7300: N->dti;N000000000000
7700: N->dti;N000000000000
8100: N->dti;N000000000000
8500: N->dti;N000000000000
8900: N->dti;N000000000000
9300: N->dti;N000000000000
9700: N->dtfi(F);N00000000
1020: F->ti000000000000000
1060: N->i=E;N000000000000
1080: E->l0000000000000000
1100: N->i=E;N000000000000
1120: E->l0000000000000000
1140: N->i=E;N000000000000
1160: E->l0000000000000000
1180: N->i=E;N000000000000
1200: E->l0000000000000000
1220: N->i=E;N000000000000
1240: E->i(W)0000000000000
1260: W->i,W00000000000000
1280: W->i0000000000000000
1310: N->i=E;N000000000000
1330: E->i(W)0000000000000
1350: W->i,W00000000000000
1370: W->i0000000000000000
1400: N->pi;N0000000000000
1430: N->pi;00000000000000
1470: E->l0000000000000000
7300: 
0000: S->tfi(F){NrE;};S000
4000: F->ti,F0000000000000
7000: F->ti000000000000000
1100: N->dti;N000000000000
1500: N->i=E;0000000000000
1700: E->iM000000000000000
1800: M->vE000000000000000
1900: E->(E)00000000000000
2000: E->iM000000000000000
2100: M->vE000000000000000
2200: E->i0000000000000000
2600: E->i0000000000000000
3000: S->tfi(F){NrE;};S000
3400: F->ti,F0000000000000
3700: F->ti000000000000000
4100: N->dti;N000000000000
4500: N->dtfi(F);N00000000
5000: F->ti,F0000000000000
5300: F->ti,F0000000000000
5600: F->ti000000000000000
6000: N->i=E;0000000000000
6200: E->iM000000000000000
6300: M->vE000000000000000
6400: E->i0000000000000000
6700: E->i0000000000000000
7100: S->m{NrE;};000000000
7300: N->dti;N000000000000
7700: N->dti;N000000000000
8100: N->dti;N000000000000
8500: N->dti;N000000000000
8900: N->dti;N000000000000
9300: N->dti;N000000000000
9700: N->dtfi(F);N00000000
1020: F->ti000000000000000
1060: N->i=E;N000000000000
1080: E->l0000000000000000
1100: N->i=E;N000000000000
1120: E->l0000000000000000
1140: N->i=E;N000000000000
1160: E->l0000000000000000
1180: N->i=E;N000000000000
1200: E->l0000000000000000
1220: N->i=E;N000000000000
1240: E->i(W)0000000000000
1260: W->i,W00000000000000
1280: W->i0000000000000000
1310: N->i=E;N000000000000
1330: E->i(W)0000000000000
1350: W->i,W00000000000000
1370: W->i0000000000000000
1400: N->pi;N0000000000000
1430: N->pi;00000000000000
1470: E->l0000000000000000
7700: 
0000: S->tfi(F){NrE;};S000
4000: F->ti,F0000000000000
7000: F->ti000000000000000
1100: N->dti;N000000000000
1500: N->i=E;0000000000000
1700: E->iM000000000000000
1800: M->vE000000000000000
1900: E->(E)00000000000000
2000: E->iM000000000000000
2100: M->vE000000000000000
2200: E->i0000000000000000
2600: E->i0000000000000000
3000: S->tfi(F){NrE;};S000
3400: F->ti,F0000000000000
3700: F->ti000000000000000
4100: N->dti;N000000000000
4500: N->dtfi(F);N00000000
5000: F->ti,F0000000000000
5300: F->ti,F0000000000000
5600: F->ti000000000000000
6000: N->i=E;0000000000000
6200: E->iM000000000000000
6300: M->vE000000000000000
6400: E->i0000000000000000
6700: E->i0000000000000000
7100: S->m{NrE;};000000000
7300: N->dti;N000000000000
7700: N->dti;N000000000000
8100: N->dti;N000000000000
8500: N->dti;N000000000000
8900: N->dti;N000000000000
9300: N->dti;N000000000000
9700: N->dtfi(F);N00000000
1020: F->ti000000000000000
1060: N->i=E;N000000000000
1080: E->l0000000000000000
1100: N->i=E;N000000000000
1120: E->l0000000000000000
1140: N->i=E;N000000000000
1160: E->l0000000000000000
1180: N->i=E;N000000000000
1200: E->l0000000000000000
1220: N->i=E;N000000000000
1240: E->i(W)0000000000000
1260: W->i,W00000000000000
1280: W->i0000000000000000
1310: N->i=E;N000000000000
1330: E->i(W)0000000000000
1350: W->i,W00000000000000
1370: W->i0000000000000000
1400: N->pi;N0000000000000
1430: N->pi;00000000000000
1470: E->l0000000000000000
8100: 
0000: S->tfi(F){NrE;};S000
4000: F->ti,F0000000000000
7000: F->ti000000000000000
1100: N->dti;N000000000000
1500: N->i=E;0000000000000
1700: E->iM000000000000000
1800: M->vE000000000000000
1900: E->(E)00000000000000
2000: E->iM000000000000000
2100: M->vE000000000000000
2200: E->i0000000000000000
2600: E->i0000000000000000
3000: S->tfi(F){NrE;};S000
3400: F->ti,F0000000000000
3700: F->ti000000000000000
4100: N->dti;N000000000000
4500: N->dtfi(F);N00000000
5000: F->ti,F0000000000000
5300: F->ti,F0000000000000
5600: F->ti000000000000000
6000: N->i=E;0000000000000
6200: E->iM000000000000000
6300: M->vE000000000000000
6400: E->i0000000000000000
6700: E->i0000000000000000
7100: S->m{NrE;};000000000
7300: N->dti;N000000000000
7700: N->dti;N000000000000
8100: N->dti;N000000000000
8500: N->dti;N000000000000
8900: N->dti;N000000000000
9300: N->dti;N000000000000
9700: N->dtfi(F);N00000000
1020: F->ti000000000000000
1060: N->i=E;N000000000000
1080: E->l0000000000000000
1100: N->i=E;N000000000000
1120: E->l0000000000000000
1140: N->i=E;N000000000000
1160: E->l0000000000000000
1180: N->i=E;N000000000000
1200: E->l0000000000000000
1220: N->i=E;N000000000000
1240: E->i(W)0000000000000
1260: W->i,W00000000000000
1280: W->i0000000000000000
1310: N->i=E;N000000000000
1330: E->i(W)0000000000000
1350: W->i,W00000000000000
1370: W->i0000000000000000
1400: N->pi;N0000000000000
1430: N->pi;00000000000000
1470: E->l0000000000000000
8500: 
0000: S->tfi(F){NrE;};S000
4000: F->ti,F0000000000000
7000: F->ti000000000000000
1100: N->dti;N000000000000
1500: N->i=E;0000000000000
1700: E->iM000000000000000
1800: M->vE000000000000000
1900: E->(E)00000000000000
2000: E->iM000000000000000
2100: M->vE000000000000000
2200: E->i0000000000000000
2600: E->i0000000000000000
3000: S->tfi(F){NrE;};S000
3400: F->ti,F0000000000000
3700: F->ti000000000000000
4100: N->dti;N000000000000
4500: N->dtfi(F);N00000000
5000: F->ti,F0000000000000
5300: F->ti,F0000000000000
5600: F->ti000000000000000
6000: N->i=E;0000000000000
6200: E->iM000000000000000
6300: M->vE000000000000000
6400: E->i0000000000000000
6700: E->i0000000000000000
7100: S->m{NrE;};000000000
7300: N->dti;N000000000000
7700: N->dti;N000000000000
8100: N->dti;N000000000000
8500: N->dti;N000000000000
8900: N->dti;N000000000000
9300: N->dti;N000000000000
9700: N->dtfi(F);N00000000
1020: F->ti000000000000000
1060: N->i=E;N000000000000
1080: E->l0000000000000000
1100: N->i=E;N000000000000
1120: E->l0000000000000000
1140: N->i=E;N000000000000
1160: E->l0000000000000000
1180: N->i=E;N000000000000
1200: E->l0000000000000000
1220: N->i=E;N000000000000
1240: E->i(W)0000000000000
1260: W->i,W00000000000000
1280: W->i0000000000000000
1310: N->i=E;N000000000000
1330: E->i(W)0000000000000
1350: W->i,W00000000000000
1370: W->i0000000000000000
1400: N->pi;N0000000000000
1430: N->pi;00000000000000
1470: E->l0000000000000000
8900: 
0000: S->tfi(F){NrE;};S000
4000: F->ti,F0000000000000
7000: F->ti000000000000000
1100: N->dti;N000000000000
1500: N->i=E;0000000000000
1700: E->iM000000000000000
1800: M->vE000000000000000
1900: E->(E)00000000000000
2000: E->iM000000000000000
2100: M->vE000000000000000
2200: E->i0000000000000000
2600: E->i0000000000000000
3000: S->tfi(F){NrE;};S000
3400: F->ti,F0000000000000
3700: F->ti000000000000000
4100: N->dti;N000000000000
4500: N->dtfi(F);N00000000
5000: F->ti,F0000000000000
5300: F->ti,F0000000000000
5600: F->ti000000000000000
6000: N->i=E;0000000000000
6200: E->iM000000000000000
6300: M->vE000000000000000
6400: E->i0000000000000000
6700: E->i0000000000000000
7100: S->m{NrE;};000000000
7300: N->dti;N000000000000
7700: N->dti;N000000000000
8100: N->dti;N000000000000
8500: N->dti;N000000000000
8900: N->dti;N000000000000
9300: N->dti;N000000000000
9700: N->dtfi(F);N00000000
1020: F->ti000000000000000
1060: N->i=E;N000000000000
1080: E->l0000000000000000
1100: N->i=E;N000000000000
1120: E->l0000000000000000
1140: N->i=E;N000000000000
1160: E->l0000000000000000
1180: N->i=E;N000000000000
1200: E->l0000000000000000
1220: N->i=E;N000000000000
1240: E->i(W)0000000000000
1260: W->i,W00000000000000
1280: W->i0000000000000000
1310: N->i=E;N000000000000
1330: E->i(W)0000000000000
1350: W->i,W00000000000000
1370: W->i0000000000000000
1400: N->pi;N0000000000000
1430: N->pi;00000000000000
1470: E->l0000000000000000
9300: 
0000: S->tfi(F){NrE;};S000
4000: F->ti,F0000000000000
7000: F->ti000000000000000
1100: N->dti;N000000000000
1500: N->i=E;0000000000000
1700: E->iM000000000000000
1800: M->vE000000000000000
1900: E->(E)00000000000000
2000: E->iM000000000000000
2100: M->vE000000000000000
2200: E->i0000000000000000
2600: E->i0000000000000000
3000: S->tfi(F){NrE;};S000
3400: F->ti,F0000000000000
3700: F->ti000000000000000
4100: N->dti;N000000000000
4500: N->dtfi(F);N00000000
5000: F->ti,F0000000000000
5300: F->ti,F0000000000000
5600: F->ti000000000000000
6000: N->i=E;0000000000000
6200: E->iM000000000000000
6300: M->vE000000000000000
6400: E->i0000000000000000
6700: E->i0000000000000000
7100: S->m{NrE;};000000000
7300: N->dti;N000000000000
7700: N->dti;N000000000000
8100: N->dti;N000000000000
8500: N->dti;N000000000000
8900: N->dti;N000000000000
9300: N->dti;N000000000000
9700: N->dtfi(F);N00000000
1020: F->ti000000000000000
1060: N->i=E;N000000000000
1080: E->l0000000000000000
1100: N->i=E;N000000000000
1120: E->l0000000000000000
1140: N->i=E;N000000000000
1160: E->l0000000000000000
1180: N->i=E;N000000000000
1200: E->l0000000000000000
1220: N->i=E;N000000000000
1240: E->i(W)0000000000000
1260: W->i,W00000000000000
1280: W->i0000000000000000
1310: N->i=E;N000000000000
1330: E->i(W)0000000000000
1350: W->i,W00000000000000
1370: W->i0000000000000000
1400: N->pi;N0000000000000
1430: N->pi;00000000000000
1470: E->l0000000000000000
9700: 
0000: S->tfi(F){NrE;};S000
4000: F->ti,F0000000000000
7000: F->ti000000000000000
1100: N->dti;N000000000000
1500: N->i=E;0000000000000
1700: E->iM000000000000000
1800: M->vE000000000000000
1900: E->(E)00000000000000
2000: E->iM000000000000000
2100: M->vE000000000000000
2200: E->i0000000000000000
2600: E->i0000000000000000
3000: S->tfi(F){NrE;};S000
3400: F->ti,F0000000000000
3700: F->ti000000000000000
4100: N->dti;N000000000000
4500: N->dtfi(F);N00000000
5000: F->ti,F0000000000000
5300: F->ti,F0000000000000
5600: F->ti000000000000000
6000: N->i=E;0000000000000
6200: E->iM000000000000000
6300: M->vE000000000000000
6400: E->i0000000000000000
6700: E->i0000000000000000
7100: S->m{NrE;};000000000
7300: N->dti;N000000000000
7700: N->dti;N000000000000
8100: N->dti;N000000000000
8500: N->dti;N000000000000
8900: N->dti;N000000000000
9300: N->dti;N000000000000
9700: N->dtfi(F);N00000000
1020: F->ti000000000000000
1060: N->i=E;N000000000000
1080: E->l0000000000000000
1100: N->i=E;N000000000000
1120: E->l0000000000000000
1140: N->i=E;N000000000000
1160: E->l0000000000000000
1180: N->i=E;N000000000000
1200: E->l0000000000000000
1220: N->i=E;N000000000000
1240: E->i(W)0000000000000
1260: W->i,W00000000000000
1280: W->i0000000000000000
1310: N->i=E;N000000000000
1330: E->i(W)0000000000000
1350: W->i,W00000000000000
1370: W->i0000000000000000
1400: N->pi;N0000000000000
1430: N->pi;00000000000000
1470: E->l0000000000000000
1020: 
0000: S->tfi(F){NrE;};S000
4000: F->ti,F0000000000000
7000: F->ti000000000000000
1100: N->dti;N000000000000
1500: N->i=E;0000000000000
1700: E->iM000000000000000
1800: M->vE000000000000000
1900: E->(E)00000000000000
2000: E->iM000000000000000
2100: M->vE000000000000000
2200: E->i0000000000000000
2600: E->i0000000000000000
3000: S->tfi(F){NrE;};S000
3400: F->ti,F0000000000000
3700: F->ti000000000000000
4100: N->dti;N000000000000
4500: N->dtfi(F);N00000000
5000: F->ti,F0000000000000
5300: F->ti,F0000000000000
5600: F->ti000000000000000
6000: N->i=E;0000000000000
6200: E->iM000000000000000
6300: M->vE000000000000000
6400: E->i0000000000000000
6700: E->i0000000000000000
7100: S->m{NrE;};000000000
7300: N->dti;N000000000000
7700: N->dti;N000000000000
8100: N->dti;N000000000000
8500: N->dti;N000000000000
8900: N->dti;N000000000000
9300: N->dti;N000000000000
9700: N->dtfi(F);N00000000
1020: F->ti000000000000000
1060: N->i=E;N000000000000
1080: E->l0000000000000000
1100: N->i=E;N000000000000
1120: E->l0000000000000000
1140: N->i=E;N000000000000
1160: E->l0000000000000000
1180: N->i=E;N000000000000
1200: E->l0000000000000000
1220: N->i=E;N000000000000
1240: E->i(W)0000000000000
1260: W->i,W00000000000000
1280: W->i0000000000000000
1310: N->i=E;N000000000000
1330: E->i(W)0000000000000
1350: W->i,W00000000000000
1370: W->i0000000000000000
1400: N->pi;N0000000000000
1430: N->pi;00000000000000
1470: E->l0000000000000000
1060: 
0000: S->tfi(F){NrE;};S000
4000: F->ti,F0000000000000
7000: F->ti000000000000000
1100: N->dti;N000000000000
1500: N->i=E;0000000000000
1700: E->iM000000000000000
1800: M->vE000000000000000
1900: E->(E)00000000000000
2000: E->iM000000000000000
2100: M->vE000000000000000
2200: E->i0000000000000000
2600: E->i0000000000000000
3000: S->tfi(F){NrE;};S000
3400: F->ti,F0000000000000
3700: F->ti000000000000000
4100: N->dti;N000000000000
4500: N->dtfi(F);N00000000
5000: F->ti,F0000000000000
5300: F->ti,F0000000000000
5600: F->ti000000000000000
6000: N->i=E;0000000000000
6200: E->iM000000000000000
6300: M->vE000000000000000
6400: E->i0000000000000000
6700: E->i0000000000000000
7100: S->m{NrE;};000000000
7300: N->dti;N000000000000
7700: N->dti;N000000000000
8100: N->dti;N000000000000
8500: N->dti;N000000000000
8900: N->dti;N000000000000
9300: N->dti;N000000000000
9700: N->dtfi(F);N00000000
1020: F->ti000000000000000
1060: N->i=E;N000000000000
1080: E->l0000000000000000
1100: N->i=E;N000000000000
1120: E->l0000000000000000
1140: N->i=E;N000000000000
1160: E->l0000000000000000
1180: N->i=E;N000000000000
1200: E->l0000000000000000
1220: N->i=E;N000000000000
1240: E->i(W)0000000000000
1260: W->i,W00000000000000
1280: W->i0000000000000000
1310: N->i=E;N000000000000
1330: E->i(W)0000000000000
1350: W->i,W00000000000000
1370: W->i0000000000000000
1400: N->pi;N0000000000000
1430: N->pi;00000000000000
1470: E->l0000000000000000
1080: 
0000: S->tfi(F){NrE;};S000
4000: F->ti,F0000000000000
7000: F->ti000000000000000
1100: N->dti;N000000000000
1500: N->i=E;0000000000000
1700: E->iM000000000000000
1800: M->vE000000000000000
1900: E->(E)00000000000000
2000: E->iM000000000000000
2100: M->vE000000000000000
2200: E->i0000000000000000
2600: E->i0000000000000000
3000: S->tfi(F){NrE;};S000
3400: F->ti,F0000000000000
3700: F->ti000000000000000
4100: N->dti;N000000000000
4500: N->dtfi(F);N00000000
5000: F->ti,F0000000000000
5300: F->ti,F0000000000000
5600: F->ti000000000000000
6000: N->i=E;0000000000000
6200: E->iM000000000000000
6300: M->vE000000000000000
6400: E->i0000000000000000
6700: E->i0000000000000000
7100: S->m{NrE;};000000000
7300: N->dti;N000000000000
7700: N->dti;N000000000000
8100: N->dti;N000000000000
8500: N->dti;N000000000000
8900: N->dti;N000000000000
9300: N->dti;N000000000000
9700: N->dtfi(F);N00000000
1020: F->ti000000000000000
1060: N->i=E;N000000000000
1080: E->l0000000000000000
1100: N->i=E;N000000000000
1120: E->l0000000000000000
1140: N->i=E;N000000000000
1160: E->l0000000000000000
1180: N->i=E;N000000000000
1200: E->l0000000000000000
1220: N->i=E;N000000000000
1240: E->i(W)0000000000000
1260: W->i,W00000000000000
1280: W->i0000000000000000
1310: N->i=E;N000000000000
1330: E->i(W)0000000000000
1350: W->i,W00000000000000
1370: W->i0000000000000000
1400: N->pi;N0000000000000
1430: N->pi;00000000000000
1470: E->l0000000000000000
1100: 
0000: S->tfi(F){NrE;};S000
4000: F->ti,F0000000000000
7000: F->ti000000000000000
1100: N->dti;N000000000000
1500: N->i=E;0000000000000
1700: E->iM000000000000000
1800: M->vE000000000000000
1900: E->(E)00000000000000
2000: E->iM000000000000000
2100: M->vE000000000000000
2200: E->i0000000000000000
2600: E->i0000000000000000
3000: S->tfi(F){NrE;};S000
3400: F->ti,F0000000000000
3700: F->ti000000000000000
4100: N->dti;N000000000000
4500: N->dtfi(F);N00000000
5000: F->ti,F0000000000000
5300: F->ti,F0000000000000
5600: F->ti000000000000000
6000: N->i=E;0000000000000
6200: E->iM000000000000000
6300: M->vE000000000000000
6400: E->i0000000000000000
6700: E->i0000000000000000
7100: S->m{NrE;};000000000
7300: N->dti;N000000000000
7700: N->dti;N000000000000
8100: N->dti;N000000000000
8500: N->dti;N000000000000
8900: N->dti;N000000000000
9300: N->dti;N000000000000
9700: N->dtfi(F);N00000000
1020: F->ti000000000000000
1060: N->i=E;N000000000000
1080: E->l0000000000000000
1100: N->i=E;N000000000000
1120: E->l0000000000000000
1140: N->i=E;N000000000000
1160: E->l0000000000000000
1180: N->i=E;N000000000000
1200: E->l0000000000000000
1220: N->i=E;N000000000000
1240: E->i(W)0000000000000
1260: W->i,W00000000000000
1280: W->i0000000000000000
1310: N->i=E;N000000000000
1330: E->i(W)0000000000000
1350: W->i,W00000000000000
1370: W->i0000000000000000
1400: N->pi;N0000000000000
1430: N->pi;00000000000000
1470: E->l0000000000000000
1120: 
0000: S->tfi(F){NrE;};S000
4000: F->ti,F0000000000000
7000: F->ti000000000000000
1100: N->dti;N000000000000
1500: N->i=E;0000000000000
1700: E->iM000000000000000
1800: M->vE000000000000000
1900: E->(E)00000000000000
2000: E->iM000000000000000
2100: M->vE000000000000000
2200: E->i0000000000000000
2600: E->i0000000000000000
3000: S->tfi(F){NrE;};S000
3400: F->ti,F0000000000000
3700: F->ti000000000000000
4100: N->dti;N000000000000
4500: N->dtfi(F);N00000000
5000: F->ti,F0000000000000
5300: F->ti,F0000000000000
5600: F->ti000000000000000
6000: N->i=E;0000000000000
6200: E->iM000000000000000
6300: M->vE000000000000000
6400: E->i0000000000000000
6700: E->i0000000000000000
7100: S->m{NrE;};000000000
7300: N->dti;N000000000000
7700: N->dti;N000000000000
8100: N->dti;N000000000000
8500: N->dti;N000000000000
8900: N->dti;N000000000000
9300: N->dti;N000000000000
9700: N->dtfi(F);N00000000
1020: F->ti000000000000000
1060: N->i=E;N000000000000
1080: E->l0000000000000000
1100: N->i=E;N000000000000
1120: E->l0000000000000000
1140: N->i=E;N000000000000
1160: E->l0000000000000000
1180: N->i=E;N000000000000
1200: E->l0000000000000000
1220: N->i=E;N000000000000
1240: E->i(W)0000000000000
1260: W->i,W00000000000000
1280: W->i0000000000000000
1310: N->i=E;N000000000000
1330: E->i(W)0000000000000
1350: W->i,W00000000000000
1370: W->i0000000000000000
1400: N->pi;N0000000000000
1430: N->pi;00000000000000
1470: E->l0000000000000000
1140: 
0000: S->tfi(F){NrE;};S000
4000: F->ti,F0000000000000
7000: F->ti000000000000000
1100: N->dti;N000000000000
1500: N->i=E;0000000000000
1700: E->iM000000000000000
1800: M->vE000000000000000
1900: E->(E)00000000000000
2000: E->iM000000000000000
2100: M->vE000000000000000
2200: E->i0000000000000000
2600: E->i0000000000000000
3000: S->tfi(F){NrE;};S000
3400: F->ti,F0000000000000
3700: F->ti000000000000000
4100: N->dti;N000000000000
4500: N->dtfi(F);N00000000
5000: F->ti,F0000000000000
5300: F->ti,F0000000000000
5600: F->ti000000000000000
6000: N->i=E;0000000000000
6200: E->iM000000000000000
6300: M->vE000000000000000
6400: E->i0000000000000000
6700: E->i0000000000000000
7100: S->m{NrE;};000000000
7300: N->dti;N000000000000
7700: N->dti;N000000000000
8100: N->dti;N000000000000
8500: N->dti;N000000000000
8900: N->dti;N000000000000
9300: N->dti;N000000000000
9700: N->dtfi(F);N00000000
1020: F->ti000000000000000
1060: N->i=E;N000000000000
1080: E->l0000000000000000
1100: N->i=E;N000000000000
1120: E->l0000000000000000
1140: N->i=E;N000000000000
1160: E->l0000000000000000
1180: N->i=E;N000000000000
1200: E->l0000000000000000
1220: N->i=E;N000000000000
1240: E->i(W)0000000000000
1260: W->i,W00000000000000
1280: W->i0000000000000000
1310: N->i=E;N000000000000
1330: E->i(W)0000000000000
1350: W->i,W00000000000000
1370: W->i0000000000000000
1400: N->pi;N0000000000000
1430: N->pi;00000000000000
1470: E->l0000000000000000
1160: 
0000: S->tfi(F){NrE;};S000
4000: F->ti,F0000000000000
7000: F->ti000000000000000
1100: N->dti;N000000000000
1500: N->i=E;0000000000000
1700: E->iM000000000000000
1800: M->vE000000000000000
1900: E->(E)00000000000000
2000: E->iM000000000000000
2100: M->vE000000000000000
2200: E->i0000000000000000
2600: E->i0000000000000000
3000: S->tfi(F){NrE;};S000
3400: F->ti,F0000000000000
3700: F->ti000000000000000
4100: N->dti;N000000000000
4500: N->dtfi(F);N00000000
5000: F->ti,F0000000000000
5300: F->ti,F0000000000000
5600: F->ti000000000000000
6000: N->i=E;0000000000000
6200: E->iM000000000000000
6300: M->vE000000000000000
6400: E->i0000000000000000
6700: E->i0000000000000000
7100: S->m{NrE;};000000000
7300: N->dti;N000000000000
7700: N->dti;N000000000000
8100: N->dti;N000000000000
8500: N->dti;N000000000000
8900: N->dti;N000000000000
9300: N->dti;N000000000000
9700: N->dtfi(F);N00000000
1020: F->ti000000000000000
1060: N->i=E;N000000000000
1080: E->l0000000000000000
1100: N->i=E;N000000000000
1120: E->l0000000000000000
1140: N->i=E;N000000000000
1160: E->l0000000000000000
1180: N->i=E;N000000000000
1200: E->l0000000000000000
1220: N->i=E;N000000000000
1240: E->i(W)0000000000000
1260: W->i,W00000000000000
1280: W->i0000000000000000
1310: N->i=E;N000000000000
1330: E->i(W)0000000000000
1350: W->i,W00000000000000
1370: W->i0000000000000000
1400: N->pi;N0000000000000
1430: N->pi;00000000000000
1470: E->l0000000000000000
1180: 
0000: S->tfi(F){NrE;};S000
4000: F->ti,F0000000000000
7000: F->ti000000000000000
1100: N->dti;N000000000000
1500: N->i=E;0000000000000
1700: E->iM000000000000000
1800: M->vE000000000000000
1900: E->(E)00000000000000
2000: E->iM000000000000000
2100: M->vE000000000000000
2200: E->i0000000000000000
2600: E->i0000000000000000
3000: S->tfi(F){NrE;};S000
3400: F->ti,F0000000000000
3700: F->ti000000000000000
4100: N->dti;N000000000000
4500: N->dtfi(F);N00000000
5000: F->ti,F0000000000000
5300: F->ti,F0000000000000
5600: F->ti000000000000000
6000: N->i=E;0000000000000
6200: E->iM000000000000000
6300: M->vE000000000000000
6400: E->i0000000000000000
6700: E->i0000000000000000
7100: S->m{NrE;};000000000
7300: N->dti;N000000000000
7700: N->dti;N000000000000
8100: N->dti;N000000000000
8500: N->dti;N000000000000
8900: N->dti;N000000000000
9300: N->dti;N000000000000
9700: N->dtfi(F);N00000000
1020: F->ti000000000000000
1060: N->i=E;N000000000000
1080: E->l0000000000000000
1100: N->i=E;N000000000000
1120: E->l0000000000000000
1140: N->i=E;N000000000000
1160: E->l0000000000000000
1180: N->i=E;N000000000000
1200: E->l0000000000000000
1220: N->i=E;N000000000000
1240: E->i(W)0000000000000
1260: W->i,W00000000000000
1280: W->i0000000000000000
1310: N->i=E;N000000000000
1330: E->i(W)0000000000000
1350: W->i,W00000000000000
1370: W->i0000000000000000
1400: N->pi;N0000000000000
1430: N->pi;00000000000000
1470: E->l0000000000000000
1200: 
0000: S->tfi(F){NrE;};S000
4000: F->ti,F0000000000000
7000: F->ti000000000000000
1100: N->dti;N000000000000
1500: N->i=E;0000000000000
1700: E->iM000000000000000
1800: M->vE000000000000000
1900: E->(E)00000000000000
2000: E->iM000000000000000
2100: M->vE000000000000000
2200: E->i0000000000000000
2600: E->i0000000000000000
3000: S->tfi(F){NrE;};S000
3400: F->ti,F0000000000000
3700: F->ti000000000000000
4100: N->dti;N000000000000
4500: N->dtfi(F);N00000000
5000: F->ti,F0000000000000
5300: F->ti,F0000000000000
5600: F->ti000000000000000
6000: N->i=E;0000000000000
6200: E->iM000000000000000
6300: M->vE000000000000000
6400: E->i0000000000000000
6700: E->i0000000000000000
7100: S->m{NrE;};000000000
7300: N->dti;N000000000000
7700: N->dti;N000000000000
8100: N->dti;N000000000000
8500: N->dti;N000000000000
8900: N->dti;N000000000000
9300: N->dti;N000000000000
9700: N->dtfi(F);N00000000
1020: F->ti000000000000000
1060: N->i=E;N000000000000
1080: E->l0000000000000000
1100: N->i=E;N000000000000
1120: E->l0000000000000000
1140: N->i=E;N000000000000
1160: E->l0000000000000000
1180: N->i=E;N000000000000
1200: E->l0000000000000000
1220: N->i=E;N000000000000
1240: E->i(W)0000000000000
1260: W->i,W00000000000000
1280: W->i0000000000000000
1310: N->i=E;N000000000000
1330: E->i(W)0000000000000
1350: W->i,W00000000000000
1370: W->i0000000000000000
1400: N->pi;N0000000000000
1430: N->pi;00000000000000
1470: E->l0000000000000000
1220: 
0000: S->tfi(F){NrE;};S000
4000: F->ti,F0000000000000
7000: F->ti000000000000000
1100: N->dti;N000000000000
1500: N->i=E;0000000000000
1700: E->iM000000000000000
1800: M->vE000000000000000
1900: E->(E)00000000000000
2000: E->iM000000000000000
2100: M->vE000000000000000
2200: E->i0000000000000000
2600: E->i0000000000000000
3000: S->tfi(F){NrE;};S000
3400: F->ti,F0000000000000
3700: F->ti000000000000000
4100: N->dti;N000000000000
4500: N->dtfi(F);N00000000
5000: F->ti,F0000000000000
5300: F->ti,F0000000000000
5600: F->ti000000000000000
6000: N->i=E;0000000000000
6200: E->iM000000000000000
6300: M->vE000000000000000
6400: E->i0000000000000000
6700: E->i0000000000000000
7100: S->m{NrE;};000000000
7300: N->dti;N000000000000
7700: N->dti;N000000000000
8100: N->dti;N000000000000
8500: N->dti;N000000000000
8900: N->dti;N000000000000
9300: N->dti;N000000000000
9700: N->dtfi(F);N00000000
1020: F->ti000000000000000
1060: N->i=E;N000000000000
1080: E->l0000000000000000
1100: N->i=E;N000000000000
1120: E->l0000000000000000
1140: N->i=E;N000000000000
1160: E->l0000000000000000
1180: N->i=E;N000000000000
1200: E->l0000000000000000
1220: N->i=E;N000000000000
1240: E->i(W)0000000000000
1260: W->i,W00000000000000
1280: W->i0000000000000000
1310: N->i=E;N000000000000
1330: E->i(W)0000000000000
1350: W->i,W00000000000000
1370: W->i0000000000000000
1400: N->pi;N0000000000000
1430: N->pi;00000000000000
1470: E->l0000000000000000
1240: 
0000: S->tfi(F){NrE;};S000
4000: F->ti,F0000000000000
7000: F->ti000000000000000
1100: N->dti;N000000000000
1500: N->i=E;0000000000000
1700: E->iM000000000000000
1800: M->vE000000000000000
1900: E->(E)00000000000000
2000: E->iM000000000000000
2100: M->vE000000000000000
2200: E->i0000000000000000
2600: E->i0000000000000000
3000: S->tfi(F){NrE;};S000
3400: F->ti,F0000000000000
3700: F->ti000000000000000
4100: N->dti;N000000000000
4500: N->dtfi(F);N00000000
5000: F->ti,F0000000000000
5300: F->ti,F0000000000000
5600: F->ti000000000000000
6000: N->i=E;0000000000000
6200: E->iM000000000000000
6300: M->vE000000000000000
6400: E->i0000000000000000
6700: E->i0000000000000000
7100: S->m{NrE;};000000000
7300: N->dti;N000000000000
7700: N->dti;N000000000000
8100: N->dti;N000000000000
8500: N->dti;N000000000000
8900: N->dti;N000000000000
9300: N->dti;N000000000000
9700: N->dtfi(F);N00000000
1020: F->ti000000000000000
1060: N->i=E;N000000000000
1080: E->l0000000000000000
1100: N->i=E;N000000000000
1120: E->l0000000000000000
1140: N->i=E;N000000000000
1160: E->l0000000000000000
1180: N->i=E;N000000000000
1200: E->l0000000000000000
1220: N->i=E;N000000000000
1240: E->i(W)0000000000000
1260: W->i,W00000000000000
1280: W->i0000000000000000
1310: N->i=E;N000000000000
1330: E->i(W)0000000000000
1350: W->i,W00000000000000
1370: W->i0000000000000000
1400: N->pi;N0000000000000
1430: N->pi;00000000000000
1470: E->l0000000000000000
1260: 
0000: S->tfi(F){NrE;};S000
4000: F->ti,F0000000000000
7000: F->ti000000000000000
1100: N->dti;N000000000000
1500: N->i=E;0000000000000
1700: E->iM000000000000000
1800: M->vE000000000000000
1900: E->(E)00000000000000
2000: E->iM000000000000000
2100: M->vE000000000000000
2200: E->i0000000000000000
2600: E->i0000000000000000
3000: S->tfi(F){NrE;};S000
3400: F->ti,F0000000000000
3700: F->ti000000000000000
4100: N->dti;N000000000000
4500: N->dtfi(F);N00000000
5000: F->ti,F0000000000000
5300: F->ti,F0000000000000
5600: F->ti000000000000000
6000: N->i=E;0000000000000
6200: E->iM000000000000000
6300: M->vE000000000000000
6400: E->i0000000000000000
6700: E->i0000000000000000
7100: S->m{NrE;};000000000
7300: N->dti;N000000000000
7700: N->dti;N000000000000
8100: N->dti;N000000000000
8500: N->dti;N000000000000
8900: N->dti;N000000000000
9300: N->dti;N000000000000
9700: N->dtfi(F);N00000000
1020: F->ti000000000000000
1060: N->i=E;N000000000000
1080: E->l0000000000000000
1100: N->i=E;N000000000000
1120: E->l0000000000000000
1140: N->i=E;N000000000000
1160: E->l0000000000000000
1180: N->i=E;N000000000000
1200: E->l0000000000000000
1220: N->i=E;N000000000000
1240: E->i(W)0000000000000
1260: W->i,W00000000000000
1280: W->i0000000000000000
1310: N->i=E;N000000000000
1330: E->i(W)0000000000000
1350: W->i,W00000000000000
1370: W->i0000000000000000
1400: N->pi;N0000000000000
1430: N->pi;00000000000000
1470: E->l0000000000000000
1280: 
0000: S->tfi(F){NrE;};S000
4000: F->ti,F0000000000000
7000: F->ti000000000000000
1100: N->dti;N000000000000
1500: N->i=E;0000000000000
1700: E->iM000000000000000
1800: M->vE000000000000000
1900: E->(E)00000000000000
2000: E->iM000000000000000
2100: M->vE000000000000000
2200: E->i0000000000000000
2600: E->i0000000000000000
3000: S->tfi(F){NrE;};S000
3400: F->ti,F0000000000000
3700: F->ti000000000000000
4100: N->dti;N000000000000
4500: N->dtfi(F);N00000000
5000: F->ti,F0000000000000
5300: F->ti,F0000000000000
5600: F->ti000000000000000
6000: N->i=E;0000000000000
6200: E->iM000000000000000
6300: M->vE000000000000000
6400: E->i0000000000000000
6700: E->i0000000000000000
7100: S->m{NrE;};000000000
7300: N->dti;N000000000000
7700: N->dti;N000000000000
8100: N->dti;N000000000000
8500: N->dti;N000000000000
8900: N->dti;N000000000000
9300: N->dti;N000000000000
9700: N->dtfi(F);N00000000
1020: F->ti000000000000000
1060: N->i=E;N000000000000
1080: E->l0000000000000000
1100: N->i=E;N000000000000
1120: E->l0000000000000000
1140: N->i=E;N000000000000
1160: E->l0000000000000000
1180: N->i=E;N000000000000
1200: E->l0000000000000000
1220: N->i=E;N000000000000
1240: E->i(W)0000000000000
1260: W->i,W00000000000000
1280: W->i0000000000000000
1310: N->i=E;N000000000000
1330: E->i(W)0000000000000
1350: W->i,W00000000000000
1370: W->i0000000000000000
1400: N->pi;N0000000000000
1430: N->pi;00000000000000
1470: E->l0000000000000000
1310: 
0000: S->tfi(F){NrE;};S000
4000: F->ti,F0000000000000
7000: F->ti000000000000000
1100: N->dti;N000000000000
1500: N->i=E;0000000000000
1700: E->iM000000000000000
1800: M->vE000000000000000
1900: E->(E)00000000000000
2000: E->iM000000000000000
2100: M->vE000000000000000
2200: E->i0000000000000000
2600: E->i0000000000000000
3000: S->tfi(F){NrE;};S000
3400: F->ti,F0000000000000
3700: F->ti000000000000000
4100: N->dti;N000000000000
4500: N->dtfi(F);N00000000
5000: F->ti,F0000000000000
5300: F->ti,F0000000000000
5600: F->ti000000000000000
6000: N->i=E;0000000000000
6200: E->iM000000000000000
6300: M->vE000000000000000
6400: E->i0000000000000000
6700: E->i0000000000000000
7100: S->m{NrE;};000000000
7300: N->dti;N000000000000
7700: N->dti;N000000000000
8100: N->dti;N000000000000
8500: N->dti;N000000000000
8900: N->dti;N000000000000
9300: N->dti;N000000000000
9700: N->dtfi(F);N00000000
1020: F->ti000000000000000
1060: N->i=E;N000000000000
1080: E->l0000000000000000
1100: N->i=E;N000000000000
1120: E->l0000000000000000
1140: N->i=E;N000000000000
1160: E->l0000000000000000
1180: N->i=E;N000000000000
1200: E->l0000000000000000
1220: N->i=E;N000000000000
1240: E->i(W)0000000000000
1260: W->i,W00000000000000
1280: W->i0000000000000000
1310: N->i=E;N000000000000
1330: E->i(W)0000000000000
1350: W->i,W00000000000000
1370: W->i0000000000000000
1400: N->pi;N0000000000000
1430: N->pi;00000000000000
1470: E->l0000000000000000
1330: 
0000: S->tfi(F){NrE;};S000
4000: F->ti,F0000000000000
7000: F->ti000000000000000
1100: N->dti;N000000000000
1500: N->i=E;0000000000000
1700: E->iM000000000000000
1800: M->vE000000000000000
1900: E->(E)00000000000000
2000: E->iM000000000000000
2100: M->vE000000000000000
2200: E->i0000000000000000
2600: E->i0000000000000000
3000: S->tfi(F){NrE;};S000
3400: F->ti,F0000000000000
3700: F->ti000000000000000
4100: N->dti;N000000000000
4500: N->dtfi(F);N00000000
5000: F->ti,F0000000000000
5300: F->ti,F0000000000000
5600: F->ti000000000000000
6000: N->i=E;0000000000000
6200: E->iM000000000000000
6300: M->vE000000000000000
6400: E->i0000000000000000
6700: E->i0000000000000000
7100: S->m{NrE;};000000000
7300: N->dti;N000000000000
7700: N->dti;N000000000000
8100: N->dti;N000000000000
8500: N->dti;N000000000000
8900: N->dti;N000000000000
9300: N->dti;N000000000000
9700: N->dtfi(F);N00000000
1020: F->ti000000000000000
1060: N->i=E;N000000000000
1080: E->l0000000000000000
1100: N->i=E;N000000000000
1120: E->l0000000000000000
1140: N->i=E;N000000000000
1160: E->l0000000000000000
1180: N->i=E;N000000000000
1200: E->l0000000000000000
1220: N->i=E;N000000000000
1240: E->i(W)0000000000000
1260: W->i,W00000000000000
1280: W->i0000000000000000
1310: N->i=E;N000000000000
1330: E->i(W)0000000000000
1350: W->i,W00000000000000
1370: W->i0000000000000000
1400: N->pi;N0000000000000
1430: N->pi;00000000000000
1470: E->l0000000000000000
1350: 
0000: S->tfi(F){NrE;};S000
4000: F->ti,F0000000000000
7000: F->ti000000000000000
1100: N->dti;N000000000000
1500: N->i=E;0000000000000
1700: E->iM000000000000000
1800: M->vE000000000000000
1900: E->(E)00000000000000
2000: E->iM000000000000000
2100: M->vE000000000000000
2200: E->i0000000000000000
2600: E->i0000000000000000
3000: S->tfi(F){NrE;};S000
3400: F->ti,F0000000000000
3700: F->ti000000000000000
4100: N->dti;N000000000000
4500: N->dtfi(F);N00000000
5000: F->ti,F0000000000000
5300: F->ti,F0000000000000
5600: F->ti000000000000000
6000: N->i=E;0000000000000
6200: E->iM000000000000000
6300: M->vE000000000000000
6400: E->i0000000000000000
6700: E->i0000000000000000
7100: S->m{NrE;};000000000
7300: N->dti;N000000000000
7700: N->dti;N000000000000
8100: N->dti;N000000000000
8500: N->dti;N000000000000
8900: N->dti;N000000000000
9300: N->dti;N000000000000
9700: N->dtfi(F);N00000000
1020: F->ti000000000000000
1060: N->i=E;N000000000000
1080: E->l0000000000000000
1100: N->i=E;N000000000000
1120: E->l0000000000000000
1140: N->i=E;N000000000000
1160: E->l0000000000000000
1180: N->i=E;N000000000000
1200: E->l0000000000000000
1220: N->i=E;N000000000000
1240: E->i(W)0000000000000
1260: W->i,W00000000000000
1280: W->i0000000000000000
1310: N->i=E;N000000000000
1330: E->i(W)0000000000000
1350: W->i,W00000000000000
1370: W->i0000000000000000
1400: N->pi;N0000000000000
1430: N->pi;00000000000000
1470: E->l0000000000000000
1370: 
0000: S->tfi(F){NrE;};S000
4000: F->ti,F0000000000000
7000: F->ti000000000000000
1100: N->dti;N000000000000
1500: N->i=E;0000000000000
1700: E->iM000000000000000
1800: M->vE000000000000000
1900: E->(E)00000000000000
2000: E->iM000000000000000
2100: M->vE000000000000000
2200: E->i0000000000000000
2600: E->i0000000000000000
3000: S->tfi(F){NrE;};S000
3400: F->ti,F0000000000000
3700: F->ti000000000000000
4100: N->dti;N000000000000
4500: N->dtfi(F);N00000000
5000: F->ti,F0000000000000
5300: F->ti,F0000000000000
5600: F->ti000000000000000
6000: N->i=E;0000000000000
6200: E->iM000000000000000
6300: M->vE000000000000000
6400: E->i0000000000000000
6700: E->i0000000000000000
7100: S->m{NrE;};000000000
7300: N->dti;N000000000000
7700: N->dti;N000000000000
8100: N->dti;N000000000000
8500: N->dti;N000000000000
8900: N->dti;N000000000000
9300: N->dti;N000000000000
9700: N->dtfi(F);N00000000
1020: F->ti000000000000000
1060: N->i=E;N000000000000
1080: E->l0000000000000000
1100: N->i=E;N000000000000
1120: E->l0000000000000000
1140: N->i=E;N000000000000
1160: E->l0000000000000000
1180: N->i=E;N000000000000
1200: E->l0000000000000000
1220: N->i=E;N000000000000
1240: E->i(W)0000000000000
1260: W->i,W00000000000000
1280: W->i0000000000000000
1310: N->i=E;N000000000000
1330: E->i(W)0000000000000
1350: W->i,W00000000000000
1370: W->i0000000000000000
1400: N->pi;N0000000000000
1430: N->pi;00000000000000
1470: E->l0000000000000000
1400: 
0000: S->tfi(F){NrE;};S000
4000: F->ti,F0000000000000
7000: F->ti000000000000000
1100: N->dti;N000000000000
1500: N->i=E;0000000000000
1700: E->iM000000000000000
1800: M->vE000000000000000
1900: E->(E)00000000000000
2000: E->iM000000000000000
2100: M->vE000000000000000
2200: E->i0000000000000000
2600: E->i0000000000000000
3000: S->tfi(F){NrE;};S000
3400: F->ti,F0000000000000
3700: F->ti000000000000000
4100: N->dti;N000000000000
4500: N->dtfi(F);N00000000
5000: F->ti,F0000000000000
5300: F->ti,F0000000000000
5600: F->ti000000000000000
6000: N->i=E;0000000000000
6200: E->iM000000000000000
6300: M->vE000000000000000
6400: E->i0000000000000000
6700: E->i0000000000000000
7100: S->m{NrE;};000000000
7300: N->dti;N000000000000
7700: N->dti;N000000000000
8100: N->dti;N000000000000
8500: N->dti;N000000000000
8900: N->dti;N000000000000
9300: N->dti;N000000000000
9700: N->dtfi(F);N00000000
1020: F->ti000000000000000
1060: N->i=E;N000000000000
1080: E->l0000000000000000
1100: N->i=E;N000000000000
1120: E->l0000000000000000
1140: N->i=E;N000000000000
1160: E->l0000000000000000
1180: N->i=E;N000000000000
1200: E->l0000000000000000
1220: N->i=E;N000000000000
1240: E->i(W)0000000000000
1260: W->i,W00000000000000
1280: W->i0000000000000000
1310: N->i=E;N000000000000
1330: E->i(W)0000000000000
1350: W->i,W00000000000000
1370: W->i0000000000000000
1400: N->pi;N0000000000000
1430: N->pi;00000000000000
1470: E->l0000000000000000
1430: 
0000: S->tfi(F){NrE;};S000
4000: F->ti,F0000000000000
7000: F->ti000000000000000
1100: N->dti;N000000000000
1500: N->i=E;0000000000000
1700: E->iM000000000000000
1800: M->vE000000000000000
1900: E->(E)00000000000000
2000: E->iM000000000000000
2100: M->vE000000000000000
2200: E->i0000000000000000
2600: E->i0000000000000000
3000: S->tfi(F){NrE;};S000
3400: F->ti,F0000000000000
3700: F->ti000000000000000
4100: N->dti;N000000000000
4500: N->dtfi(F);N00000000
5000: F->ti,F0000000000000
5300: F->ti,F0000000000000
5600: F->ti000000000000000
6000: N->i=E;0000000000000
6200: E->iM000000000000000
6300: M->vE000000000000000
6400: E->i0000000000000000
6700: E->i0000000000000000
7100: S->m{NrE;};000000000
7300: N->dti;N000000000000
7700: N->dti;N000000000000
8100: N->dti;N000000000000
8500: N->dti;N000000000000
8900: N->dti;N000000000000
9300: N->dti;N000000000000
9700: N->dtfi(F);N00000000
1020: F->ti000000000000000
1060: N->i=E;N000000000000
1080: E->l0000000000000000
1100: N->i=E;N000000000000
1120: E->l0000000000000000
1140: N->i=E;N000000000000
1160: E->l0000000000000000
1180: N->i=E;N000000000000
1200: E->l0000000000000000
1220: N->i=E;N000000000000
1240: E->i(W)0000000000000
1260: W->i,W00000000000000
1280: W->i0000000000000000
1310: N->i=E;N000000000000
1330: E->i(W)0000000000000
1350: W->i,W00000000000000
1370: W->i0000000000000000
1400: N->pi;N0000000000000
1430: N->pi;00000000000000
1470: E->l0000000000000000
1470: 
0000: S->tfi(F){NrE;};S000
4000: F->ti,F0000000000000
7000: F->ti000000000000000
1100: N->dti;N000000000000
1500: N->i=E;0000000000000
1700: E->iM000000000000000
1800: M->vE000000000000000
1900: E->(E)00000000000000
2000: E->iM000000000000000
2100: M->vE000000000000000
2200: E->i0000000000000000
2600: E->i0000000000000000
3000: S->tfi(F){NrE;};S000
3400: F->ti,F0000000000000
3700: F->ti000000000000000
4100: N->dti;N000000000000
4500: N->dtfi(F);N00000000
5000: F->ti,F0000000000000
5300: F->ti,F0000000000000
5600: F->ti000000000000000
6000: N->i=E;0000000000000
6200: E->iM000000000000000
6300: M->vE000000000000000
6400: E->i0000000000000000
6700: E->i0000000000000000
7100: S->m{NrE;};000000000
7300: N->dti;N000000000000
7700: N->dti;N000000000000
8100: N->dti;N000000000000
8500: N->dti;N000000000000
8900: N->dti;N000000000000
9300: N->dti;N000000000000
9700: N->dtfi(F);N00000000
1020: F->ti000000000000000
1060: N->i=E;N000000000000
1080: E->l0000000000000000
1100: N->i=E;N000000000000
1120: E->l0000000000000000
1140: N->i=E;N000000000000
1160: E->l0000000000000000
1180: N->i=E;N000000000000
1200: E->l0000000000000000
1220: N->i=E;N000000000000
1240: E->i(W)0000000000000
1260: W->i,W00000000000000
1280: W->i0000000000000000
1310: N->i=E;N000000000000
1330: E->i(W)0000000000000
1350: W->i,W00000000000000
1370: W->i0000000000000000
1400: N->pi;N0000000000000
1430: N->pi;00000000000000
1470: E->l0000000000000000
