Сборка начата 11.12.2024 22:29:17.
Уровень детализации журнала: Normal.     1>Проект "D:\3 СЕМЕСТР\КПО\лаб 18\Lab18\Lab18\Lab18.vcxproj" в узле 2 (целевые объекты Build).
     1>InitializeBuildStatus:
         Создание "Debug\Lab18.tlog\unsuccessfulbuild", так как было задано "AlwaysCreate".
         Обращение к "Debug\Lab18.tlog\unsuccessfulbuild".
       ClCompile:
         D:\VS\VC\Tools\MSVC\14.37.32822\bin\HostX86\x86\CL.exe /c /ZI /JMC /nologo /W3 /WX- /diagnostics:column /sdl /Od /Oy- /D WIN32 /D _DEBUG /D _CONSOLE /D _UNICODE /D UNICODE /Gm- /EHsc /RTC1 /MDd /GS /fp:precise /Zc:wchar_t /Zc:forScope /Zc:inline /permissive- /Fo"Debug\\" /Fd"Debug\vc143.pdb" /external:W3 /Gd /TP /analyze- /FC /errorReport:prompt Parm.cpp
         Parm.cpp
     1>D:\3 СЕМЕСТР\КПО\лаб 18\Lab18\Lab18\Parm.cpp(9,11): warning C4101: wst: неиспользованная локальная переменная
       Link:
         D:\VS\VC\Tools\MSVC\14.37.32822\bin\HostX86\x86\link.exe /ERRORREPORT:PROMPT /OUT:"D:\3 СЕМЕСТР\КПО\лаб 18\Lab18\Debug\Lab18.exe" /INCREMENTAL /ILK:"Debug\Lab18.ilk" /NOLOGO kernel32.lib user32.lib gdi32.lib winspool.lib comdlg32.lib advapi32.lib shell32.lib ole32.lib oleaut32.lib uuid.lib odbc32.lib odbccp32.lib /MANIFEST /MANIFESTUAC:"level='asInvoker' uiAccess='false'" /manifest:embed /DEBUG /PDB:"D:\3 СЕМЕСТР\КПО\лаб 18\Lab18\Debug\Lab18.pdb" /SUBSYSTEM:CONSOLE /TLBID:1 /DYNAMICBASE /NXCOMPAT /IMPLIB:"D:\3 СЕМЕСТР\КПО\лаб 18\Lab18\Debug\Lab18.lib" /MACHINE:X86 Debug\Error.obj
         Debug\FST.obj
         Debug\GRB.obj
         Debug\In.obj
         Debug\IT.obj
         Debug\Log.obj
         Debug\LT.obj
         Debug\MFST.obj
         Debug\Out.obj
         Debug\Parm.obj
         Debug\SE_Lab14.obj
         Lab18.vcxproj -> D:\3 СЕМЕСТР\КПО\лаб 18\Lab18\Debug\Lab18.exe
       FinalizeBuildStatus:
         Файл "Debug\Lab18.tlog\unsuccessfulbuild" удаляется.
         Обращение к "Debug\Lab18.tlog\Lab18.lastbuildstate".
     1>Сборка проекта "D:\3 СЕМЕСТР\КПО\лаб 18\Lab18\Lab18\Lab18.vcxproj" завершена (целевые объекты Build).

Сборка успешно завершена.

       "D:\3 СЕМЕСТР\КПО\лаб 18\Lab18\Lab18\Lab18.vcxproj" (целевой объект Build ) (1) ->
       (Целевой объект ClCompile) -> 
         D:\3 СЕМЕСТР\КПО\лаб 18\Lab18\Lab18\Parm.cpp(9,11): warning C4101: wst: неиспользованная локальная переменная

    Предупреждений: 1
    Ошибок: 0

Прошло времени 00:00:01.84
